Log file open, 01/30/22 12:38:57
LogWindows: Failed to load 'aqProf.dll' (GetLastError=126)
LogWindows: File 'aqProf.dll' does not exist
LogWindows: Failed to load 'VtuneApi.dll' (GetLastError=126)
LogWindows: File 'VtuneApi.dll' does not exist
LogWindows: Failed to load 'VtuneApi32e.dll' (GetLastError=126)
LogWindows: File 'VtuneApi32e.dll' does not exist
LogConsoleResponse: Display: Failed to find resolution value strings in scalability ini. Falling back to default.
LogConsoleResponse: Display: Failed to find resolution value strings in scalability ini. Falling back to default.
LogInit: Display: Running engine for game: tetrisPlatformer
LogPlatformFile: Not using cached read wrapper
LogTaskGraph: Started task graph with 5 named threads and 47 total threads with 3 sets of task threads.
LogStats: Stats thread started at 0.211885
LogICUInternationalization: ICU TimeZone Detection - Raw Offset: -5:00, Platform Override: ''
LogInit: Display: Loading text-based GConfig....
LogPluginManager: Mounting plugin MeshPainting
LogPluginManager: Mounting plugin XGEController
LogPluginManager: Mounting plugin Paper2D
LogPluginManager: Mounting plugin LightPropagationVolume
LogPluginManager: Mounting plugin LiveLink
LogPluginManager: Mounting plugin GameplayCameras
LogPluginManager: Mounting plugin OodleData
LogPluginManager: Mounting plugin CameraShakePreviewer
LogPluginManager: Mounting plugin EnvironmentQueryEditor
LogPluginManager: Mounting plugin AISupport
LogPluginManager: Mounting plugin OodleNetwork
LogPluginManager: Mounting plugin AssetManagerEditor
LogPluginManager: Mounting plugin CurveEditorTools
LogPluginManager: Mounting plugin DataValidation
LogPluginManager: Mounting plugin GameplayTagsEditor
LogPluginManager: Mounting plugin FacialAnimation
LogPluginManager: Mounting plugin GeometryMode
LogPluginManager: Mounting plugin CryptoKeys
LogPluginManager: Mounting plugin AnimationSharing
LogPluginManager: Mounting plugin CLionSourceCodeAccess
LogPluginManager: Mounting plugin MacGraphicsSwitching
LogPluginManager: Mounting plugin MaterialAnalyzer
LogPluginManager: Mounting plugin CodeLiteSourceCodeAccess
LogPluginManager: Mounting plugin MobileLauncherProfileWizard
LogPluginManager: Mounting plugin PluginBrowser
LogPluginManager: Mounting plugin SpeedTreeImporter
LogPluginManager: Mounting plugin GitSourceControl
LogPluginManager: Mounting plugin KDevelopSourceCodeAccess
LogPluginManager: Mounting plugin NullSourceCodeAccess
LogPluginManager: Mounting plugin PerforceSourceControl
LogPluginManager: Mounting plugin PlasticSourceControl
LogPluginManager: Mounting plugin PluginUtils
LogPluginManager: Mounting plugin PixWinPlugin
LogPluginManager: Mounting plugin PropertyAccessNode
LogPluginManager: Mounting plugin RiderSourceCodeAccess
LogPluginManager: Mounting plugin SubversionSourceControl
LogPluginManager: Mounting plugin TextureFormatOodle
LogPluginManager: Mounting plugin AlembicImporter
LogPluginManager: Mounting plugin UObjectPlugin
LogPluginManager: Mounting plugin VisualStudioCodeSourceCodeAccess
LogPluginManager: Mounting plugin VisualStudioSourceCodeAccess
LogPluginManager: Mounting plugin XCodeSourceCodeAccess
LogPluginManager: Mounting plugin AutomationUtils
LogPluginManager: Mounting plugin BackChannel
LogPluginManager: Mounting plugin ChaosCloth
LogPluginManager: Mounting plugin ChaosClothEditor
LogPluginManager: Mounting plugin ChaosEditor
LogPluginManager: Mounting plugin ChaosNiagara
LogPluginManager: Mounting plugin ChaosSolverPlugin
LogPluginManager: Mounting plugin CharacterAI
LogPluginManager: Mounting plugin GeometryCache
LogPluginManager: Mounting plugin GeometryCollectionPlugin
LogPluginManager: Mounting plugin GeometryProcessing
LogPluginManager: Mounting plugin MotoSynth
LogPluginManager: Mounting plugin OpenImageDenoise
LogPluginManager: Mounting plugin PlanarCut
LogPluginManager: Mounting plugin ProxyLODPlugin
LogPluginManager: Mounting plugin PlatformCrypto
LogPluginManager: Mounting plugin PythonScriptPlugin
LogPluginManager: Mounting plugin Niagara
LogPluginManager: Mounting plugin SkeletalReduction
LogPluginManager: Mounting plugin AndroidMedia
LogPluginManager: Mounting plugin DatasmithContent
LogPluginManager: Mounting plugin AvfMedia
LogPluginManager: Mounting plugin ImgMedia
LogPluginManager: Mounting plugin MediaCompositing
LogPluginManager: Mounting plugin MediaPlayerEditor
LogPluginManager: Mounting plugin WebMMedia
LogPluginManager: Mounting plugin LuminPlatformFeatures
LogPluginManager: Mounting plugin WmfMedia
LogPluginManager: Mounting plugin VariantManagerContent
LogPluginManager: Mounting plugin MagicLeap
LogPluginManager: Mounting plugin MagicLeapLightEstimation
LogPluginManager: Mounting plugin TcpMessaging
LogPluginManager: Mounting plugin UdpMessaging
LogPluginManager: Mounting plugin MagicLeapPassableWorld
LogPluginManager: Mounting plugin MagicLeapMedia
LogPluginManager: Mounting plugin MLSDK
LogPluginManager: Mounting plugin ActorSequence
LogPluginManager: Mounting plugin LevelSequenceEditor
LogPluginManager: Mounting plugin LauncherChunkInstaller
LogPluginManager: Mounting plugin MatineeToLevelSequence
LogPluginManager: Mounting plugin TemplateSequence
LogPluginManager: Mounting plugin OnlineSubsystem
LogPluginManager: Mounting plugin ActorLayerUtilities
LogPluginManager: Mounting plugin AndroidMoviePlayer
LogPluginManager: Mounting plugin OnlineSubsystemNull
LogPluginManager: Mounting plugin AndroidPermission
LogPluginManager: Mounting plugin AndroidDeviceProfileSelector
LogPluginManager: Mounting plugin OnlineSubsystemUtils
LogPluginManager: Mounting plugin AppleImageUtils
LogPluginManager: Mounting plugin AudioCapture
LogPluginManager: Mounting plugin AssetTags
LogPluginManager: Mounting plugin AudioSynesthesia
LogPluginManager: Mounting plugin CableComponent
LogPluginManager: Mounting plugin AppleMoviePlayer
LogPluginManager: Mounting plugin ChunkDownloader
LogPluginManager: Mounting plugin CustomMeshComponent
LogPluginManager: Mounting plugin ArchVisCharacter
LogPluginManager: Mounting plugin ExampleDeviceProfileSelector
LogPluginManager: Mounting plugin EditableMesh
LogPluginManager: Mounting plugin GoogleCloudMessaging
LogPluginManager: Mounting plugin GooglePAD
LogPluginManager: Mounting plugin IOSDeviceProfileSelector
LogPluginManager: Mounting plugin LinuxDeviceProfileSelector
LogPluginManager: Mounting plugin LocationServicesBPLibrary
LogPluginManager: Mounting plugin MobilePatchingUtils
LogPluginManager: Mounting plugin OpenXREyeTracker
LogPluginManager: Mounting plugin OpenXR
LogPluginManager: Mounting plugin OpenXRHandTracking
LogPluginManager: Mounting plugin PhysXVehicles
LogPluginManager: Mounting plugin PostSplashScreen
LogPluginManager: Mounting plugin ProceduralMeshComponent
LogPluginManager: Mounting plugin PropertyAccessEditor
LogPluginManager: Mounting plugin RuntimePhysXCooking
LogPluginManager: Mounting plugin SignificanceManager
LogPluginManager: Mounting plugin SoundFields
LogPluginManager: Mounting plugin Synthesis
LogPluginManager: Mounting plugin WebMMoviePlayer
LogPluginManager: Mounting plugin WindowsMoviePlayer
LogPluginManager: Mounting plugin ScreenshotTools
LogPluginManager: Mounting plugin Takes
LogPluginManager: Mounting plugin ContentBrowserAssetDataSource
LogPluginManager: Mounting plugin ContentBrowserClassDataSource
LogPluginManager: Mounting plugin ContentBrowserFileDataSource
LogPluginManager: Mounting plugin OnlineSubsystemGooglePlay
LogPluginManager: Mounting plugin OnlineSubsystemIOS
LogPluginManager: Mounting plugin OculusVR
LogPluginManager: Mounting plugin SteamVR
PixWinPlugin: PIX capture plugin failed to initialize! Check that the process is launched from PIX.
LogInit: Using libcurl 7.55.1-DEV
LogInit:  - built for x86_64-pc-win32
LogInit:  - supports SSL with OpenSSL/1.1.1
LogInit:  - supports HTTP deflate (compression) using libz 1.2.8
LogInit:  - other features:
LogInit:      CURL_VERSION_SSL
LogInit:      CURL_VERSION_LIBZ
LogInit:      CURL_VERSION_IPV6
LogInit:      CURL_VERSION_ASYNCHDNS
LogInit:      CURL_VERSION_LARGEFILE
LogInit:      CURL_VERSION_IDN
LogInit:  CurlRequestOptions (configurable via config and command line):
LogInit:  - bVerifyPeer = true  - Libcurl will verify peer certificate
LogInit:  - bUseHttpProxy = false  - Libcurl will NOT use HTTP proxy
LogInit:  - bDontReuseConnections = false  - Libcurl will reuse connections
LogInit:  - MaxHostConnections = 16  - Libcurl will limit the number of connections to a host
LogInit:  - LocalHostAddr = Default
LogInit:  - BufferSize = 65536
LogOnline: OSS: Creating online subsystem instance for: NULL
LogInit: WinSock: version 1.1 (2.2), MaxSocks=32767, MaxUdp=65467
LogOnline: OSS: TryLoadSubsystemAndSetDefault: Loaded subsystem for module [NULL]
LogOculusPluginWrapper: OculusPlugin initialized successfully
LogHMD: Failed initializing OVRPlugin 1.59.0
LogInit: Build: ++UE4+Release-4.27-CL-18319896
LogInit: Engine Version: 4.27.2-18319896+++UE4+Release-4.27
LogInit: Compatible Engine Version: 4.27.0-17155196+++UE4+Release-4.27
LogInit: Net CL: 17155196
LogInit: OS: Windows 10 (Release 2009) (), CPU: 11th Gen Intel(R) Core(TM) i9-11980HK @ 2.60GHz, GPU: Intel(R) UHD Graphics
LogInit: Compiled (64-bit): Nov 30 2021 07:12:08
LogInit: Compiled with Visual C++: 19.24.28315.00
LogInit: Build Configuration: Development
LogInit: Branch Name: ++UE4+Release-4.27
LogInit: Command Line: 
LogInit: Base Directory: D:/epic games games/UE_4.27/Engine/Binaries/Win64/
LogInit: Allocator: TBB
LogInit: Installed Engine Build: 1
LogDevObjectVersion: Number of dev versions registered: 29
LogDevObjectVersion:   Dev-Blueprints (B0D832E4-1F89-4F0D-ACCF-7EB736FD4AA2): 10
LogDevObjectVersion:   Dev-Build (E1C64328-A22C-4D53-A36C-8E866417BD8C): 0
LogDevObjectVersion:   Dev-Core (375EC13C-06E4-48FB-B500-84F0262A717E): 4
LogDevObjectVersion:   Dev-Editor (E4B068ED-F494-42E9-A231-DA0B2E46BB41): 40
LogDevObjectVersion:   Dev-Framework (CFFC743F-43B0-4480-9391-14DF171D2073): 37
LogDevObjectVersion:   Dev-Mobile (B02B49B5-BB20-44E9-A304-32B752E40360): 3
LogDevObjectVersion:   Dev-Networking (A4E4105C-59A1-49B5-A7C5-40C4547EDFEE): 0
LogDevObjectVersion:   Dev-Online (39C831C9-5AE6-47DC-9A44-9C173E1C8E7C): 0
LogDevObjectVersion:   Dev-Physics (78F01B33-EBEA-4F98-B9B4-84EACCB95AA2): 14
LogDevObjectVersion:   Dev-Platform (6631380F-2D4D-43E0-8009-CF276956A95A): 0
LogDevObjectVersion:   Dev-Rendering (12F88B9F-8875-4AFC-A67C-D90C383ABD29): 45
LogDevObjectVersion:   Dev-Sequencer (7B5AE74C-D270-4C10-A958-57980B212A5A): 13
LogDevObjectVersion:   Dev-VR (D7296918-1DD6-4BDD-9DE2-64A83CC13884): 3
LogDevObjectVersion:   Dev-LoadTimes (C2A15278-BFE7-4AFE-6C17-90FF531DF755): 1
LogDevObjectVersion:   Private-Geometry (6EACA3D4-40EC-4CC1-B786-8BED09428FC5): 3
LogDevObjectVersion:   Dev-AnimPhys (29E575DD-E0A3-4627-9D10-D276232CDCEA): 17
LogDevObjectVersion:   Dev-Anim (AF43A65D-7FD3-4947-9873-3E8ED9C1BB05): 15
LogDevObjectVersion:   Dev-ReflectionCapture (6B266CEC-1EC7-4B8F-A30B-E4D90942FC07): 1
LogDevObjectVersion:   Dev-Automation (0DF73D61-A23F-47EA-B727-89E90C41499A): 1
LogDevObjectVersion:   FortniteMain (601D1886-AC64-4F84-AA16-D3DE0DEAC7D6): 47
LogDevObjectVersion:   FortniteRelease (E7086368-6B23-4C58-8439-1B7016265E91): 1
LogDevObjectVersion:   Dev-Enterprise (9DFFBCD6-494F-0158-E221-12823C92A888): 10
LogDevObjectVersion:   Dev-Niagara (F2AED0AC-9AFE-416F-8664-AA7FFA26D6FC): 1
LogDevObjectVersion:   Dev-Destruction (174F1F0B-B4C6-45A5-B13F-2EE8D0FB917D): 10
LogDevObjectVersion:   Dev-Physics-Ext (35F94A83-E258-406C-A318-09F59610247C): 41
LogDevObjectVersion:   Dev-PhysicsMaterial-Chaos (B68FC16E-8B1B-42E2-B453-215C058844FE): 1
LogDevObjectVersion:   Dev-CineCamera (B2E18506-4273-CFC2-A54E-F4BB758BBA07): 1
LogDevObjectVersion:   Dev-VirtualProduction (64F58936-FD1B-42BA-BA96-7289D5D0FA4E): 1
LogDevObjectVersion:   Dev-MediaFramework (6F0ED827-A609-4895-9C91-998D90180EA4): 2
LogInit: Presizing for max 25165824 objects, including 0 objects not considered by GC, pre-allocating 0 bytes for permanent pool.
LogConfig: Applying CVar settings from Section [/Script/Engine.StreamingSettings] File [D:/humber/Humber year 2/game physics 158/game jam/TetrisPlatformer/Saved/Config/Windows/Engine.ini]
LogConfig: Setting CVar [[s.MinBulkDataSizeForAsyncLoading:131072]]
LogConfig: Setting CVar [[s.AsyncLoadingThreadEnabled:0]]
LogConfig: Setting CVar [[s.EventDrivenLoaderEnabled:1]]
LogConfig: Setting CVar [[s.WarnIfTimeLimitExceeded:0]]
LogConfig: Setting CVar [[s.TimeLimitExceededMultiplier:1.5]]
LogConfig: Setting CVar [[s.TimeLimitExceededMinTime:0.005]]
LogConfig: Setting CVar [[s.UseBackgroundLevelStreaming:1]]
LogConfig: Setting CVar [[s.PriorityAsyncLoadingExtraTime:15.0]]
LogConfig: Setting CVar [[s.LevelStreamingActorsUpdateTimeLimit:5.0]]
LogConfig: Setting CVar [[s.PriorityLevelStreamingActorsUpdateExtraTime:5.0]]
LogConfig: Setting CVar [[s.LevelStreamingComponentsRegistrationGranularity:10]]
LogConfig: Setting CVar [[s.UnregisterComponentsTimeLimit:1.0]]
LogConfig: Setting CVar [[s.LevelStreamingComponentsUnregistrationGranularity:5]]
LogConfig: Setting CVar [[s.FlushStreamingOnExit:1]]
LogInit: Object subsystem initialized
LogConfig: Setting CVar [[con.DebugEarlyDefault:1]]
LogConfig: Setting CVar [[r.setres:1280x720]]
[2022.01.30-17.38.57:518][  0]LogConfig: Setting CVar [[r.VSync:0]]
[2022.01.30-17.38.57:518][  0]LogConfig: Setting CVar [[r.RHICmdBypass:0]]
[2022.01.30-17.38.57:518][  0]LogConfig: Applying CVar settings from Section [/Script/Engine.RendererSettings] File [D:/humber/Humber year 2/game physics 158/game jam/TetrisPlatformer/Saved/Config/Windows/Engine.ini]
[2022.01.30-17.38.57:518][  0]LogConfig: Setting CVar [[r.GPUCrashDebugging:0]]
[2022.01.30-17.38.57:518][  0]LogConfig: Applying CVar settings from Section [/Script/Engine.RendererOverrideSettings] File [D:/humber/Humber year 2/game physics 158/game jam/TetrisPlatformer/Saved/Config/Windows/Engine.ini]
[2022.01.30-17.38.57:518][  0]LogConfig: Applying CVar settings from Section [/Script/Engine.StreamingSettings] File [D:/humber/Humber year 2/game physics 158/game jam/TetrisPlatformer/Saved/Config/Windows/Engine.ini]
[2022.01.30-17.38.57:518][  0]LogConfig: Setting CVar [[s.MinBulkDataSizeForAsyncLoading:131072]]
[2022.01.30-17.38.57:518][  0]LogConfig: Setting CVar [[s.AsyncLoadingThreadEnabled:0]]
[2022.01.30-17.38.57:518][  0]LogConfig: Setting CVar [[s.EventDrivenLoaderEnabled:1]]
[2022.01.30-17.38.57:518][  0]LogConfig: Setting CVar [[s.WarnIfTimeLimitExceeded:0]]
[2022.01.30-17.38.57:518][  0]LogConfig: Setting CVar [[s.TimeLimitExceededMultiplier:1.5]]
[2022.01.30-17.38.57:518][  0]LogConfig: Setting CVar [[s.TimeLimitExceededMinTime:0.005]]
[2022.01.30-17.38.57:518][  0]LogConfig: Setting CVar [[s.UseBackgroundLevelStreaming:1]]
[2022.01.30-17.38.57:518][  0]LogConfig: Setting CVar [[s.PriorityAsyncLoadingExtraTime:15.0]]
[2022.01.30-17.38.57:518][  0]LogConfig: Setting CVar [[s.LevelStreamingActorsUpdateTimeLimit:5.0]]
[2022.01.30-17.38.57:518][  0]LogConfig: Setting CVar [[s.PriorityLevelStreamingActorsUpdateExtraTime:5.0]]
[2022.01.30-17.38.57:518][  0]LogConfig: Setting CVar [[s.LevelStreamingComponentsRegistrationGranularity:10]]
[2022.01.30-17.38.57:518][  0]LogConfig: Setting CVar [[s.UnregisterComponentsTimeLimit:1.0]]
[2022.01.30-17.38.57:518][  0]LogConfig: Setting CVar [[s.LevelStreamingComponentsUnregistrationGranularity:5]]
[2022.01.30-17.38.57:518][  0]LogConfig: Setting CVar [[s.FlushStreamingOnExit:1]]
[2022.01.30-17.38.57:518][  0]LogConfig: Applying CVar settings from Section [/Script/Engine.GarbageCollectionSettings] File [D:/humber/Humber year 2/game physics 158/game jam/TetrisPlatformer/Saved/Config/Windows/Engine.ini]
[2022.01.30-17.38.57:518][  0]LogConfig: Setting CVar [[gc.MaxObjectsNotConsideredByGC:1]]
[2022.01.30-17.38.57:518][  0]LogConfig: Setting CVar [[gc.SizeOfPermanentObjectPool:0]]
[2022.01.30-17.38.57:518][  0]LogConfig: Setting CVar [[gc.FlushStreamingOnGC:0]]
[2022.01.30-17.38.57:518][  0]LogConfig: Setting CVar [[gc.NumRetriesBeforeForcingGC:10]]
[2022.01.30-17.38.57:518][  0]LogConfig: Setting CVar [[gc.AllowParallelGC:1]]
[2022.01.30-17.38.57:518][  0]LogConfig: Setting CVar [[gc.TimeBetweenPurgingPendingKillObjects:61.1]]
[2022.01.30-17.38.57:518][  0]LogConfig: Setting CVar [[gc.MaxObjectsInEditor:25165824]]
[2022.01.30-17.38.57:518][  0]LogConfig: Setting CVar [[gc.IncrementalBeginDestroyEnabled:1]]
[2022.01.30-17.38.57:518][  0]LogConfig: Setting CVar [[gc.CreateGCClusters:1]]
[2022.01.30-17.38.57:518][  0]LogConfig: Setting CVar [[gc.MinGCClusterSize:5]]
[2022.01.30-17.38.57:518][  0]LogConfig: Setting CVar [[gc.ActorClusteringEnabled:0]]
[2022.01.30-17.38.57:518][  0]LogConfig: Setting CVar [[gc.BlueprintClusteringEnabled:0]]
[2022.01.30-17.38.57:518][  0]LogConfig: Setting CVar [[gc.UseDisregardForGCOnDedicatedServers:0]]
[2022.01.30-17.38.57:518][  0]LogConfig: Setting CVar [[gc.MultithreadedDestructionEnabled:1]]
[2022.01.30-17.38.57:518][  0]LogConfig: Applying CVar settings from Section [/Script/Engine.NetworkSettings] File [D:/humber/Humber year 2/game physics 158/game jam/TetrisPlatformer/Saved/Config/Windows/Engine.ini]
[2022.01.30-17.38.57:518][  0]LogConfig: Applying CVar settings from Section [/Script/UnrealEd.CookerSettings] File [D:/humber/Humber year 2/game physics 158/game jam/TetrisPlatformer/Saved/Config/Windows/Engine.ini]
[2022.01.30-17.38.57:525][  0]LogConfig: Applying CVar settings from Section [ViewDistanceQuality@3] File [D:/humber/Humber year 2/game physics 158/game jam/TetrisPlatformer/Saved/Config/Windows/Scalability.ini]
[2022.01.30-17.38.57:525][  0]LogConfig: Setting CVar [[r.SkeletalMeshLODBias:0]]
[2022.01.30-17.38.57:525][  0]LogConfig: Setting CVar [[r.ViewDistanceScale:1.0]]
[2022.01.30-17.38.57:525][  0]LogConfig: Applying CVar settings from Section [AntiAliasingQuality@3] File [D:/humber/Humber year 2/game physics 158/game jam/TetrisPlatformer/Saved/Config/Windows/Scalability.ini]
[2022.01.30-17.38.57:525][  0]LogConfig: Setting CVar [[r.PostProcessAAQuality:4]]
[2022.01.30-17.38.57:525][  0]LogConfig: Applying CVar settings from Section [ShadowQuality@3] File [D:/humber/Humber year 2/game physics 158/game jam/TetrisPlatformer/Saved/Config/Windows/Scalability.ini]
[2022.01.30-17.38.57:525][  0]LogConfig: Setting CVar [[r.LightFunctionQuality:1]]
[2022.01.30-17.38.57:525][  0]LogConfig: Setting CVar [[r.ShadowQuality:5]]
[2022.01.30-17.38.57:525][  0]LogConfig: Setting CVar [[r.Shadow.CSM.MaxCascades:10]]
[2022.01.30-17.38.57:525][  0]LogConfig: Setting CVar [[r.Shadow.MaxResolution:2048]]
[2022.01.30-17.38.57:525][  0]LogConfig: Setting CVar [[r.Shadow.MaxCSMResolution:2048]]
[2022.01.30-17.38.57:525][  0]LogConfig: Setting CVar [[r.Shadow.RadiusThreshold:0.01]]
[2022.01.30-17.38.57:525][  0]LogConfig: Setting CVar [[r.Shadow.DistanceScale:1.0]]
[2022.01.30-17.38.57:525][  0]LogConfig: Setting CVar [[r.Shadow.CSM.TransitionScale:1.0]]
[2022.01.30-17.38.57:525][  0]LogConfig: Setting CVar [[r.Shadow.PreShadowResolutionFactor:1.0]]
[2022.01.30-17.38.57:525][  0]LogConfig: Setting CVar [[r.DistanceFieldShadowing:1]]
[2022.01.30-17.38.57:525][  0]LogConfig: Setting CVar [[r.DistanceFieldAO:1]]
[2022.01.30-17.38.57:525][  0]LogConfig: Setting CVar [[r.AOQuality:2]]
[2022.01.30-17.38.57:525][  0]LogConfig: Setting CVar [[r.VolumetricFog:1]]
[2022.01.30-17.38.57:525][  0]LogConfig: Setting CVar [[r.VolumetricFog.GridPixelSize:8]]
[2022.01.30-17.38.57:525][  0]LogConfig: Setting CVar [[r.VolumetricFog.GridSizeZ:128]]
[2022.01.30-17.38.57:525][  0]LogConfig: Setting CVar [[r.VolumetricFog.HistoryMissSupersampleCount:4]]
[2022.01.30-17.38.57:525][  0]LogConfig: Setting CVar [[r.LightMaxDrawDistanceScale:1]]
[2022.01.30-17.38.57:525][  0]LogConfig: Setting CVar [[r.CapsuleShadows:1]]
[2022.01.30-17.38.57:525][  0]LogConfig: Applying CVar settings from Section [PostProcessQuality@3] File [D:/humber/Humber year 2/game physics 158/game jam/TetrisPlatformer/Saved/Config/Windows/Scalability.ini]
[2022.01.30-17.38.57:525][  0]LogConfig: Setting CVar [[r.MotionBlurQuality:4]]
[2022.01.30-17.38.57:525][  0]LogConfig: Setting CVar [[r.AmbientOcclusionMipLevelFactor:0.4]]
[2022.01.30-17.38.57:525][  0]LogConfig: Setting CVar [[r.AmbientOcclusionMaxQuality:100]]
[2022.01.30-17.38.57:525][  0]LogConfig: Setting CVar [[r.AmbientOcclusionLevels:-1]]
[2022.01.30-17.38.57:525][  0]LogConfig: Setting CVar [[r.AmbientOcclusionRadiusScale:1.0]]
[2022.01.30-17.38.57:525][  0]LogConfig: Setting CVar [[r.DepthOfFieldQuality:2]]
[2022.01.30-17.38.57:525][  0]LogConfig: Setting CVar [[r.RenderTargetPoolMin:400]]
[2022.01.30-17.38.57:525][  0]LogConfig: Setting CVar [[r.LensFlareQuality:2]]
[2022.01.30-17.38.57:525][  0]LogConfig: Setting CVar [[r.SceneColorFringeQuality:1]]
[2022.01.30-17.38.57:525][  0]LogConfig: Setting CVar [[r.EyeAdaptationQuality:2]]
[2022.01.30-17.38.57:525][  0]LogConfig: Setting CVar [[r.BloomQuality:5]]
[2022.01.30-17.38.57:525][  0]LogConfig: Setting CVar [[r.FastBlurThreshold:100]]
[2022.01.30-17.38.57:525][  0]LogConfig: Setting CVar [[r.Upscale.Quality:3]]
[2022.01.30-17.38.57:525][  0]LogConfig: Setting CVar [[r.Tonemapper.GrainQuantization:1]]
[2022.01.30-17.38.57:525][  0]LogConfig: Setting CVar [[r.LightShaftQuality:1]]
[2022.01.30-17.38.57:525][  0]LogConfig: Setting CVar [[r.Filter.SizeScale:1]]
[2022.01.30-17.38.57:525][  0]LogConfig: Setting CVar [[r.Tonemapper.Quality:5]]
[2022.01.30-17.38.57:525][  0]LogConfig: Setting CVar [[r.DOF.Gather.AccumulatorQuality:1        ; higher gathering accumulator quality]]
[2022.01.30-17.38.57:525][  0]LogConfig: Setting CVar [[r.DOF.Gather.PostfilterMethod:1          ; Median3x3 postfilering method]]
[2022.01.30-17.38.57:525][  0]LogConfig: Setting CVar [[r.DOF.Gather.EnableBokehSettings:0       ; no bokeh simulation when gathering]]
[2022.01.30-17.38.57:525][  0]LogConfig: Setting CVar [[r.DOF.Gather.RingCount:4                 ; medium number of samples when gathering]]
[2022.01.30-17.38.57:525][  0]LogConfig: Setting CVar [[r.DOF.Scatter.ForegroundCompositing:1    ; additive foreground scattering]]
[2022.01.30-17.38.57:525][  0]LogConfig: Setting CVar [[r.DOF.Scatter.BackgroundCompositing:2    ; additive background scattering]]
[2022.01.30-17.38.57:525][  0]LogConfig: Setting CVar [[r.DOF.Scatter.EnableBokehSettings:1      ; bokeh simulation when scattering]]
[2022.01.30-17.38.57:525][  0]LogConfig: Setting CVar [[r.DOF.Scatter.MaxSpriteRatio:0.1         ; only a maximum of 10% of scattered bokeh]]
[2022.01.30-17.38.57:525][  0]LogConfig: Setting CVar [[r.DOF.Recombine.Quality:1                ; cheap slight out of focus]]
[2022.01.30-17.38.57:525][  0]LogConfig: Setting CVar [[r.DOF.Recombine.EnableBokehSettings:0    ; no bokeh simulation on slight out of focus]]
[2022.01.30-17.38.57:525][  0]LogConfig: Setting CVar [[r.DOF.TemporalAAQuality:1                ; more stable temporal accumulation]]
[2022.01.30-17.38.57:525][  0]LogConfig: Setting CVar [[r.DOF.Kernel.MaxForegroundRadius:0.025]]
[2022.01.30-17.38.57:525][  0]LogConfig: Setting CVar [[r.DOF.Kernel.MaxBackgroundRadius:0.025]]
[2022.01.30-17.38.57:525][  0]LogConfig: Applying CVar settings from Section [TextureQuality@3] File [D:/humber/Humber year 2/game physics 158/game jam/TetrisPlatformer/Saved/Config/Windows/Scalability.ini]
[2022.01.30-17.38.57:525][  0]LogConfig: Setting CVar [[r.Streaming.MipBias:0]]
[2022.01.30-17.38.57:525][  0]LogConfig: Setting CVar [[r.Streaming.AmortizeCPUToGPUCopy:0]]
[2022.01.30-17.38.57:525][  0]LogConfig: Setting CVar [[r.Streaming.MaxNumTexturesToStreamPerFrame:0]]
[2022.01.30-17.38.57:525][  0]LogConfig: Setting CVar [[r.Streaming.Boost:1]]
[2022.01.30-17.38.57:525][  0]LogConfig: Setting CVar [[r.MaxAnisotropy:8]]
[2022.01.30-17.38.57:525][  0]LogConfig: Setting CVar [[r.VT.MaxAnisotropy:8]]
[2022.01.30-17.38.57:525][  0]LogConfig: Setting CVar [[r.Streaming.LimitPoolSizeToVRAM:0]]
[2022.01.30-17.38.57:525][  0]LogConfig: Setting CVar [[r.Streaming.PoolSize:1000]]
[2022.01.30-17.38.57:525][  0]LogConfig: Setting CVar [[r.Streaming.MaxEffectiveScreenSize:0]]
[2022.01.30-17.38.57:525][  0]LogConfig: Applying CVar settings from Section [EffectsQuality@3] File [D:/humber/Humber year 2/game physics 158/game jam/TetrisPlatformer/Saved/Config/Windows/Scalability.ini]
[2022.01.30-17.38.57:525][  0]LogConfig: Setting CVar [[r.TranslucencyLightingVolumeDim:64]]
[2022.01.30-17.38.57:525][  0]LogConfig: Setting CVar [[r.RefractionQuality:2]]
[2022.01.30-17.38.57:525][  0]LogConfig: Setting CVar [[r.SSR.Quality:3]]
[2022.01.30-17.38.57:525][  0]LogConfig: Setting CVar [[r.SSR.HalfResSceneColor:0]]
[2022.01.30-17.38.57:525][  0]LogConfig: Setting CVar [[r.SceneColorFormat:4]]
[2022.01.30-17.38.57:525][  0]LogConfig: Setting CVar [[r.DetailMode:2]]
[2022.01.30-17.38.57:525][  0]LogConfig: Setting CVar [[r.TranslucencyVolumeBlur:1]]
[2022.01.30-17.38.57:525][  0]LogConfig: Setting CVar [[r.MaterialQualityLevel:1 ; High quality]]
[2022.01.30-17.38.57:525][  0]LogConfig: Setting CVar [[r.AnisotropicMaterials:1]]
[2022.01.30-17.38.57:525][  0]LogConfig: Setting CVar [[r.SSS.Scale:1]]
[2022.01.30-17.38.57:525][  0]LogConfig: Setting CVar [[r.SSS.SampleSet:2]]
[2022.01.30-17.38.57:525][  0]LogConfig: Setting CVar [[r.SSS.Quality:1]]
[2022.01.30-17.38.57:525][  0]LogConfig: Setting CVar [[r.SSS.HalfRes:0]]
[2022.01.30-17.38.57:525][  0]LogConfig: Setting CVar [[r.SSGI.Quality:3]]
[2022.01.30-17.38.57:525][  0]LogConfig: Setting CVar [[r.EmitterSpawnRateScale:1.0]]
[2022.01.30-17.38.57:525][  0]LogConfig: Setting CVar [[r.ParticleLightQuality:2]]
[2022.01.30-17.38.57:525][  0]LogConfig: Setting CVar [[r.SkyAtmosphere.AerialPerspectiveLUT.FastApplyOnOpaque:1 ; Always have FastSkyLUT 1 in this case to avoid wrong sky]]
[2022.01.30-17.38.57:525][  0]LogConfig: Setting CVar [[r.SkyAtmosphere.AerialPerspectiveLUT.SampleCountMaxPerSlice:4]]
[2022.01.30-17.38.57:525][  0]LogConfig: Setting CVar [[r.SkyAtmosphere.AerialPerspectiveLUT.DepthResolution:16.0]]
[2022.01.30-17.38.57:525][  0]LogConfig: Setting CVar [[r.SkyAtmosphere.FastSkyLUT:1]]
[2022.01.30-17.38.57:525][  0]LogConfig: Setting CVar [[r.SkyAtmosphere.FastSkyLUT.SampleCountMin:4.0]]
[2022.01.30-17.38.57:525][  0]LogConfig: Setting CVar [[r.SkyAtmosphere.FastSkyLUT.SampleCountMax:128.0]]
[2022.01.30-17.38.57:525][  0]LogConfig: Setting CVar [[r.SkyAtmosphere.SampleCountMin:4.0]]
[2022.01.30-17.38.57:525][  0]LogConfig: Setting CVar [[r.SkyAtmosphere.SampleCountMax:128.0]]
[2022.01.30-17.38.57:525][  0]LogConfig: Setting CVar [[r.SkyAtmosphere.TransmittanceLUT.UseSmallFormat:0]]
[2022.01.30-17.38.57:525][  0]LogConfig: Setting CVar [[r.SkyAtmosphere.TransmittanceLUT.SampleCount:10.0]]
[2022.01.30-17.38.57:525][  0]LogConfig: Setting CVar [[r.SkyAtmosphere.MultiScatteringLUT.SampleCount:15.0]]
[2022.01.30-17.38.57:525][  0]LogConfig: Setting CVar [[r.SkyLight.RealTimeReflectionCapture:1]]
[2022.01.30-17.38.57:526][  0]LogConfig: Applying CVar settings from Section [FoliageQuality@3] File [D:/humber/Humber year 2/game physics 158/game jam/TetrisPlatformer/Saved/Config/Windows/Scalability.ini]
[2022.01.30-17.38.57:526][  0]LogConfig: Setting CVar [[foliage.DensityScale:1.0]]
[2022.01.30-17.38.57:526][  0]LogConfig: Setting CVar [[grass.DensityScale:1.0]]
[2022.01.30-17.38.57:526][  0]LogConfig: Applying CVar settings from Section [ShadingQuality@3] File [D:/humber/Humber year 2/game physics 158/game jam/TetrisPlatformer/Saved/Config/Windows/Scalability.ini]
[2022.01.30-17.38.57:526][  0]LogConfig: Setting CVar [[r.HairStrands.SkyLighting.IntegrationType:2]]
[2022.01.30-17.38.57:526][  0]LogConfig: Setting CVar [[r.HairStrands.SkyAO.SampleCount:4]]
[2022.01.30-17.38.57:526][  0]LogConfig: Setting CVar [[r.HairStrands.Visibility.MSAA.SamplePerPixel:4]]
[2022.01.30-17.38.57:526][  0]LogInit: Selected Device Profile: [Windows]
[2022.01.30-17.38.57:526][  0]LogInit: Applying CVar settings loaded from the selected device profile: [Windows]
[2022.01.30-17.38.57:526][  0]LogHAL: Display: Platform has ~ 32 GB [34088898560 / 34359738368 / 32], which maps to Largest [LargestMinGB=32, LargerMinGB=12, DefaultMinGB=8, SmallerMinGB=6, SmallestMinGB=0)
[2022.01.30-17.38.57:526][  0]LogInit: Going up to parent DeviceProfile []
[2022.01.30-17.38.57:526][  0]LogConfig: Applying CVar settings from Section [ViewDistanceQuality@3] File [D:/humber/Humber year 2/game physics 158/game jam/TetrisPlatformer/Saved/Config/Windows/Scalability.ini]
[2022.01.30-17.38.57:526][  0]LogConfig: Setting CVar [[r.SkeletalMeshLODBias:0]]
[2022.01.30-17.38.57:526][  0]LogConfig: Setting CVar [[r.ViewDistanceScale:1.0]]
[2022.01.30-17.38.57:526][  0]LogConfig: Applying CVar settings from Section [AntiAliasingQuality@3] File [D:/humber/Humber year 2/game physics 158/game jam/TetrisPlatformer/Saved/Config/Windows/Scalability.ini]
[2022.01.30-17.38.57:526][  0]LogConfig: Setting CVar [[r.PostProcessAAQuality:4]]
[2022.01.30-17.38.57:526][  0]LogConfig: Applying CVar settings from Section [ShadowQuality@3] File [D:/humber/Humber year 2/game physics 158/game jam/TetrisPlatformer/Saved/Config/Windows/Scalability.ini]
[2022.01.30-17.38.57:526][  0]LogConfig: Setting CVar [[r.LightFunctionQuality:1]]
[2022.01.30-17.38.57:526][  0]LogConfig: Setting CVar [[r.ShadowQuality:5]]
[2022.01.30-17.38.57:526][  0]LogConfig: Setting CVar [[r.Shadow.CSM.MaxCascades:10]]
[2022.01.30-17.38.57:526][  0]LogConfig: Setting CVar [[r.Shadow.MaxResolution:2048]]
[2022.01.30-17.38.57:526][  0]LogConfig: Setting CVar [[r.Shadow.MaxCSMResolution:2048]]
[2022.01.30-17.38.57:526][  0]LogConfig: Setting CVar [[r.Shadow.RadiusThreshold:0.01]]
[2022.01.30-17.38.57:526][  0]LogConfig: Setting CVar [[r.Shadow.DistanceScale:1.0]]
[2022.01.30-17.38.57:526][  0]LogConfig: Setting CVar [[r.Shadow.CSM.TransitionScale:1.0]]
[2022.01.30-17.38.57:526][  0]LogConfig: Setting CVar [[r.Shadow.PreShadowResolutionFactor:1.0]]
[2022.01.30-17.38.57:526][  0]LogConfig: Setting CVar [[r.DistanceFieldShadowing:1]]
[2022.01.30-17.38.57:526][  0]LogConfig: Setting CVar [[r.DistanceFieldAO:1]]
[2022.01.30-17.38.57:526][  0]LogConfig: Setting CVar [[r.AOQuality:2]]
[2022.01.30-17.38.57:526][  0]LogConfig: Setting CVar [[r.VolumetricFog:1]]
[2022.01.30-17.38.57:526][  0]LogConfig: Setting CVar [[r.VolumetricFog.GridPixelSize:8]]
[2022.01.30-17.38.57:526][  0]LogConfig: Setting CVar [[r.VolumetricFog.GridSizeZ:128]]
[2022.01.30-17.38.57:526][  0]LogConfig: Setting CVar [[r.VolumetricFog.HistoryMissSupersampleCount:4]]
[2022.01.30-17.38.57:526][  0]LogConfig: Setting CVar [[r.LightMaxDrawDistanceScale:1]]
[2022.01.30-17.38.57:526][  0]LogConfig: Setting CVar [[r.CapsuleShadows:1]]
[2022.01.30-17.38.57:526][  0]LogConfig: Applying CVar settings from Section [PostProcessQuality@3] File [D:/humber/Humber year 2/game physics 158/game jam/TetrisPlatformer/Saved/Config/Windows/Scalability.ini]
[2022.01.30-17.38.57:526][  0]LogConfig: Setting CVar [[r.MotionBlurQuality:4]]
[2022.01.30-17.38.57:526][  0]LogConfig: Setting CVar [[r.AmbientOcclusionMipLevelFactor:0.4]]
[2022.01.30-17.38.57:526][  0]LogConfig: Setting CVar [[r.AmbientOcclusionMaxQuality:100]]
[2022.01.30-17.38.57:526][  0]LogConfig: Setting CVar [[r.AmbientOcclusionLevels:-1]]
[2022.01.30-17.38.57:526][  0]LogConfig: Setting CVar [[r.AmbientOcclusionRadiusScale:1.0]]
[2022.01.30-17.38.57:526][  0]LogConfig: Setting CVar [[r.DepthOfFieldQuality:2]]
[2022.01.30-17.38.57:526][  0]LogConfig: Setting CVar [[r.RenderTargetPoolMin:400]]
[2022.01.30-17.38.57:526][  0]LogConfig: Setting CVar [[r.LensFlareQuality:2]]
[2022.01.30-17.38.57:526][  0]LogConfig: Setting CVar [[r.SceneColorFringeQuality:1]]
[2022.01.30-17.38.57:526][  0]LogConfig: Setting CVar [[r.EyeAdaptationQuality:2]]
[2022.01.30-17.38.57:526][  0]LogConfig: Setting CVar [[r.BloomQuality:5]]
[2022.01.30-17.38.57:526][  0]LogConfig: Setting CVar [[r.FastBlurThreshold:100]]
[2022.01.30-17.38.57:526][  0]LogConfig: Setting CVar [[r.Upscale.Quality:3]]
[2022.01.30-17.38.57:526][  0]LogConfig: Setting CVar [[r.Tonemapper.GrainQuantization:1]]
[2022.01.30-17.38.57:526][  0]LogConfig: Setting CVar [[r.LightShaftQuality:1]]
[2022.01.30-17.38.57:526][  0]LogConfig: Setting CVar [[r.Filter.SizeScale:1]]
[2022.01.30-17.38.57:526][  0]LogConfig: Setting CVar [[r.Tonemapper.Quality:5]]
[2022.01.30-17.38.57:526][  0]LogConfig: Setting CVar [[r.DOF.Gather.AccumulatorQuality:1        ; higher gathering accumulator quality]]
[2022.01.30-17.38.57:526][  0]LogConfig: Setting CVar [[r.DOF.Gather.PostfilterMethod:1          ; Median3x3 postfilering method]]
[2022.01.30-17.38.57:526][  0]LogConfig: Setting CVar [[r.DOF.Gather.EnableBokehSettings:0       ; no bokeh simulation when gathering]]
[2022.01.30-17.38.57:526][  0]LogConfig: Setting CVar [[r.DOF.Gather.RingCount:4                 ; medium number of samples when gathering]]
[2022.01.30-17.38.57:526][  0]LogConfig: Setting CVar [[r.DOF.Scatter.ForegroundCompositing:1    ; additive foreground scattering]]
[2022.01.30-17.38.57:526][  0]LogConfig: Setting CVar [[r.DOF.Scatter.BackgroundCompositing:2    ; additive background scattering]]
[2022.01.30-17.38.57:526][  0]LogConfig: Setting CVar [[r.DOF.Scatter.EnableBokehSettings:1      ; bokeh simulation when scattering]]
[2022.01.30-17.38.57:526][  0]LogConfig: Setting CVar [[r.DOF.Scatter.MaxSpriteRatio:0.1         ; only a maximum of 10% of scattered bokeh]]
[2022.01.30-17.38.57:526][  0]LogConfig: Setting CVar [[r.DOF.Recombine.Quality:1                ; cheap slight out of focus]]
[2022.01.30-17.38.57:526][  0]LogConfig: Setting CVar [[r.DOF.Recombine.EnableBokehSettings:0    ; no bokeh simulation on slight out of focus]]
[2022.01.30-17.38.57:526][  0]LogConfig: Setting CVar [[r.DOF.TemporalAAQuality:1                ; more stable temporal accumulation]]
[2022.01.30-17.38.57:526][  0]LogConfig: Setting CVar [[r.DOF.Kernel.MaxForegroundRadius:0.025]]
[2022.01.30-17.38.57:526][  0]LogConfig: Setting CVar [[r.DOF.Kernel.MaxBackgroundRadius:0.025]]
[2022.01.30-17.38.57:526][  0]LogConfig: Applying CVar settings from Section [TextureQuality@3] File [D:/humber/Humber year 2/game physics 158/game jam/TetrisPlatformer/Saved/Config/Windows/Scalability.ini]
[2022.01.30-17.38.57:526][  0]LogConfig: Setting CVar [[r.Streaming.MipBias:0]]
[2022.01.30-17.38.57:526][  0]LogConfig: Setting CVar [[r.Streaming.AmortizeCPUToGPUCopy:0]]
[2022.01.30-17.38.57:526][  0]LogConfig: Setting CVar [[r.Streaming.MaxNumTexturesToStreamPerFrame:0]]
[2022.01.30-17.38.57:526][  0]LogConfig: Setting CVar [[r.Streaming.Boost:1]]
[2022.01.30-17.38.57:526][  0]LogConfig: Setting CVar [[r.MaxAnisotropy:8]]
[2022.01.30-17.38.57:526][  0]LogConfig: Setting CVar [[r.VT.MaxAnisotropy:8]]
[2022.01.30-17.38.57:526][  0]LogConfig: Setting CVar [[r.Streaming.LimitPoolSizeToVRAM:0]]
[2022.01.30-17.38.57:526][  0]LogConfig: Setting CVar [[r.Streaming.PoolSize:1000]]
[2022.01.30-17.38.57:526][  0]LogConfig: Setting CVar [[r.Streaming.MaxEffectiveScreenSize:0]]
[2022.01.30-17.38.57:526][  0]LogConfig: Applying CVar settings from Section [EffectsQuality@3] File [D:/humber/Humber year 2/game physics 158/game jam/TetrisPlatformer/Saved/Config/Windows/Scalability.ini]
[2022.01.30-17.38.57:526][  0]LogConfig: Setting CVar [[r.TranslucencyLightingVolumeDim:64]]
[2022.01.30-17.38.57:526][  0]LogConfig: Setting CVar [[r.RefractionQuality:2]]
[2022.01.30-17.38.57:526][  0]LogConfig: Setting CVar [[r.SSR.Quality:3]]
[2022.01.30-17.38.57:526][  0]LogConfig: Setting CVar [[r.SSR.HalfResSceneColor:0]]
[2022.01.30-17.38.57:526][  0]LogConfig: Setting CVar [[r.SceneColorFormat:4]]
[2022.01.30-17.38.57:526][  0]LogConfig: Setting CVar [[r.DetailMode:2]]
[2022.01.30-17.38.57:526][  0]LogConfig: Setting CVar [[r.TranslucencyVolumeBlur:1]]
[2022.01.30-17.38.57:526][  0]LogConfig: Setting CVar [[r.MaterialQualityLevel:1 ; High quality]]
[2022.01.30-17.38.57:526][  0]LogConfig: Setting CVar [[r.AnisotropicMaterials:1]]
[2022.01.30-17.38.57:526][  0]LogConfig: Setting CVar [[r.SSS.Scale:1]]
[2022.01.30-17.38.57:526][  0]LogConfig: Setting CVar [[r.SSS.SampleSet:2]]
[2022.01.30-17.38.57:526][  0]LogConfig: Setting CVar [[r.SSS.Quality:1]]
[2022.01.30-17.38.57:526][  0]LogConfig: Setting CVar [[r.SSS.HalfRes:0]]
[2022.01.30-17.38.57:526][  0]LogConfig: Setting CVar [[r.SSGI.Quality:3]]
[2022.01.30-17.38.57:526][  0]LogConfig: Setting CVar [[r.EmitterSpawnRateScale:1.0]]
[2022.01.30-17.38.57:526][  0]LogConfig: Setting CVar [[r.ParticleLightQuality:2]]
[2022.01.30-17.38.57:526][  0]LogConfig: Setting CVar [[r.SkyAtmosphere.AerialPerspectiveLUT.FastApplyOnOpaque:1 ; Always have FastSkyLUT 1 in this case to avoid wrong sky]]
[2022.01.30-17.38.57:526][  0]LogConfig: Setting CVar [[r.SkyAtmosphere.AerialPerspectiveLUT.SampleCountMaxPerSlice:4]]
[2022.01.30-17.38.57:526][  0]LogConfig: Setting CVar [[r.SkyAtmosphere.AerialPerspectiveLUT.DepthResolution:16.0]]
[2022.01.30-17.38.57:526][  0]LogConfig: Setting CVar [[r.SkyAtmosphere.FastSkyLUT:1]]
[2022.01.30-17.38.57:526][  0]LogConfig: Setting CVar [[r.SkyAtmosphere.FastSkyLUT.SampleCountMin:4.0]]
[2022.01.30-17.38.57:526][  0]LogConfig: Setting CVar [[r.SkyAtmosphere.FastSkyLUT.SampleCountMax:128.0]]
[2022.01.30-17.38.57:526][  0]LogConfig: Setting CVar [[r.SkyAtmosphere.SampleCountMin:4.0]]
[2022.01.30-17.38.57:526][  0]LogConfig: Setting CVar [[r.SkyAtmosphere.SampleCountMax:128.0]]
[2022.01.30-17.38.57:526][  0]LogConfig: Setting CVar [[r.SkyAtmosphere.TransmittanceLUT.UseSmallFormat:0]]
[2022.01.30-17.38.57:526][  0]LogConfig: Setting CVar [[r.SkyAtmosphere.TransmittanceLUT.SampleCount:10.0]]
[2022.01.30-17.38.57:526][  0]LogConfig: Setting CVar [[r.SkyAtmosphere.MultiScatteringLUT.SampleCount:15.0]]
[2022.01.30-17.38.57:526][  0]LogConfig: Setting CVar [[r.SkyLight.RealTimeReflectionCapture:1]]
[2022.01.30-17.38.57:526][  0]LogConfig: Applying CVar settings from Section [FoliageQuality@3] File [D:/humber/Humber year 2/game physics 158/game jam/TetrisPlatformer/Saved/Config/Windows/Scalability.ini]
[2022.01.30-17.38.57:526][  0]LogConfig: Setting CVar [[foliage.DensityScale:1.0]]
[2022.01.30-17.38.57:526][  0]LogConfig: Setting CVar [[grass.DensityScale:1.0]]
[2022.01.30-17.38.57:526][  0]LogConfig: Applying CVar settings from Section [ShadingQuality@3] File [D:/humber/Humber year 2/game physics 158/game jam/TetrisPlatformer/Saved/Config/Windows/Scalability.ini]
[2022.01.30-17.38.57:526][  0]LogConfig: Setting CVar [[r.HairStrands.SkyLighting.IntegrationType:2]]
[2022.01.30-17.38.57:526][  0]LogConfig: Setting CVar [[r.HairStrands.SkyAO.SampleCount:4]]
[2022.01.30-17.38.57:526][  0]LogConfig: Setting CVar [[r.HairStrands.Visibility.MSAA.SamplePerPixel:4]]
[2022.01.30-17.38.57:526][  0]LogConfig: Applying CVar settings from Section [Startup] File [../../../Engine/Config/ConsoleVariables.ini]
[2022.01.30-17.38.57:527][  0]LogConfig: Setting CVar [[net.UseAdaptiveNetUpdateFrequency:0]]
[2022.01.30-17.38.57:527][  0]LogConfig: Setting CVar [[p.chaos.AllowCreatePhysxBodies:1]]
[2022.01.30-17.38.57:527][  0]LogConfig: Setting CVar [[fx.SkipVectorVMBackendOptimizations:1]]
[2022.01.30-17.38.57:527][  0]LogConfig: Applying CVar settings from Section [ConsoleVariables] File [D:/humber/Humber year 2/game physics 158/game jam/TetrisPlatformer/Saved/Config/Windows/Engine.ini]
[2022.01.30-17.38.57:527][  0]LogConfig: Applying CVar settings from Section [ConsoleVariables] File [D:/humber/Humber year 2/game physics 158/game jam/TetrisPlatformer/Saved/Config/Windows/Editor.ini]
[2022.01.30-17.38.57:527][  0]LogInit: Computer: TURTLETNT5-LAPT
[2022.01.30-17.38.57:527][  0]LogInit: User: Turtl
[2022.01.30-17.38.57:527][  0]LogInit: CPU Page size=4096, Cores=8
[2022.01.30-17.38.57:527][  0]LogInit: High frequency timer resolution =10.000000 MHz
[2022.01.30-17.38.57:527][  0]LogMemory: Memory total: Physical=31.7GB (32GB approx)
[2022.01.30-17.38.57:527][  0]LogMemory: Platform Memory Stats for Windows
[2022.01.30-17.38.57:527][  0]LogMemory: Process Physical Memory: 150.26 MB used, 150.26 MB peak
[2022.01.30-17.38.57:527][  0]LogMemory: Process Virtual Memory: 134.41 MB used, 134.41 MB peak
[2022.01.30-17.38.57:527][  0]LogMemory: Physical Memory: 12889.32 MB used,  19620.39 MB free, 32509.71 MB total
[2022.01.30-17.38.57:527][  0]LogMemory: Virtual Memory: 134196368.00 MB used,  21358.27 MB free, 134217728.00 MB total
[2022.01.30-17.38.57:531][  0]LogWindows: WindowsPlatformFeatures enabled
[2022.01.30-17.38.57:564][  0]LogInit: Physics initialised using underlying interface: PhysX
[2022.01.30-17.38.57:565][  0]LogInit: Using OS detected language (en-US).
[2022.01.30-17.38.57:565][  0]LogInit: Using OS detected locale (en-CA).
[2022.01.30-17.38.57:567][  0]LogTextLocalizationManager: No specific localization for 'en-US' exists, so the 'en' localization will be used.
[2022.01.30-17.38.57:707][  0]LogInit: Setting process to per monitor DPI aware
[2022.01.30-17.38.57:718][  0]LogWindowsTextInputMethodSystem: Display: IME system deactivated.
[2022.01.30-17.38.57:731][  0]LogSlate: New Slate User Created.  User Index 0, Is Virtual User: 0
[2022.01.30-17.38.57:731][  0]LogSlate: Slate User Registered.  User Index 0, Is Virtual User: 0
[2022.01.30-17.38.57:865][  0]LogD3D11RHI: Loaded GFSDK_Aftermath_Lib.x64.dll
[2022.01.30-17.38.57:875][  0]LogHMD: Failed to initialize OpenVR with code 110
[2022.01.30-17.38.57:875][  0]LogD3D11RHI: D3D11 min allowed feature level: 11_0
[2022.01.30-17.38.57:875][  0]LogD3D11RHI: D3D11 max allowed feature level: 11_0
[2022.01.30-17.38.57:875][  0]LogD3D11RHI: D3D11 adapters:
[2022.01.30-17.38.57:959][  0]LogD3D11RHI:    0. 'NVIDIA GeForce RTX 3080 Laptop GPU' (Feature Level 11_0)
[2022.01.30-17.38.57:959][  0]LogD3D11RHI:       8042/0/16254 MB DedicatedVideo/DedicatedSystem/SharedSystem, Outputs:1, VendorId:0x10de
[2022.01.30-17.38.57:982][  0]LogD3D11RHI:    1. 'Intel(R) UHD Graphics' (Feature Level 11_0)
[2022.01.30-17.38.57:982][  0]LogD3D11RHI:       128/0/16254 MB DedicatedVideo/DedicatedSystem/SharedSystem, Outputs:0, VendorId:0x8086
[2022.01.30-17.38.57:983][  0]LogD3D11RHI:    2. 'Microsoft Basic Render Driver' (Feature Level 11_0)
[2022.01.30-17.38.57:983][  0]LogD3D11RHI:       0/0/16254 MB DedicatedVideo/DedicatedSystem/SharedSystem, Outputs:0, VendorId:0x1414
[2022.01.30-17.38.57:984][  0]LogD3D11RHI: Chosen D3D11 Adapter:
[2022.01.30-17.38.57:984][  0]LogD3D11RHI:     Description : NVIDIA GeForce RTX 3080 Laptop GPU
[2022.01.30-17.38.57:984][  0]LogD3D11RHI:     VendorId    : 10de
[2022.01.30-17.38.57:984][  0]LogD3D11RHI:     DeviceId    : 249c
[2022.01.30-17.38.57:984][  0]LogD3D11RHI:     SubSysId    : 75d01458
[2022.01.30-17.38.57:984][  0]LogD3D11RHI:     Revision    : 00a1
[2022.01.30-17.38.57:984][  0]LogD3D11RHI:     DedicatedVideoMemory : 8432648192 bytes
[2022.01.30-17.38.57:984][  0]LogD3D11RHI:     DedicatedSystemMemory : 0 bytes
[2022.01.30-17.38.57:984][  0]LogD3D11RHI:     SharedSystemMemory : 17044449280 bytes
[2022.01.30-17.38.57:984][  0]LogD3D11RHI:     AdapterLuid : 0 64988
[2022.01.30-17.38.57:989][  0]LogD3D11RHI: Creating new Direct3DDevice
[2022.01.30-17.38.57:989][  0]LogD3D11RHI:     GPU DeviceId: 0x249c (for the marketing name, search the web for "GPU Device Id")
[2022.01.30-17.38.57:989][  0]LogWindows: EnumDisplayDevices:
[2022.01.30-17.38.57:990][  0]LogWindows:    0. 'Intel(R) UHD Graphics' (P:1 D:1)
[2022.01.30-17.38.57:990][  0]LogWindows:    1. 'Intel(R) UHD Graphics' (P:0 D:0)
[2022.01.30-17.38.57:990][  0]LogWindows:    2. 'Intel(R) UHD Graphics' (P:0 D:0)
[2022.01.30-17.38.57:990][  0]LogWindows:    3. 'Intel(R) UHD Graphics' (P:0 D:0)
[2022.01.30-17.38.57:990][  0]LogWindows:    4. 'NVIDIA GeForce RTX 3080 Laptop GPU' (P:0 D:0)
[2022.01.30-17.38.57:990][  0]LogWindows:    5. 'NVIDIA GeForce RTX 3080 Laptop GPU' (P:0 D:0)
[2022.01.30-17.38.57:990][  0]LogWindows:    6. 'NVIDIA GeForce RTX 3080 Laptop GPU' (P:0 D:0)
[2022.01.30-17.38.57:990][  0]LogWindows:    7. 'NVIDIA GeForce RTX 3080 Laptop GPU' (P:0 D:0)
[2022.01.30-17.38.57:991][  0]LogWindows: DebugString: PrimaryIsNotTheChoosenAdapter PrimaryIsNotTheChoosenAdapter PrimaryIsNotTheChoosenAdapter PrimaryIsNotTheChoosenAdapter FoundDriverCount:4 
[2022.01.30-17.38.57:991][  0]LogD3D11RHI:     Adapter Name: NVIDIA GeForce RTX 3080 Laptop GPU
[2022.01.30-17.38.57:991][  0]LogD3D11RHI:   Driver Version: 511.23 (internal:30.0.15.1123, unified:511.23)
[2022.01.30-17.38.57:991][  0]LogD3D11RHI:      Driver Date: 1-10-2022
[2022.01.30-17.38.57:991][  0]LogRHI: Texture pool is 5629 MB (70% of 8042 MB)
[2022.01.30-17.38.57:991][  0]LogD3D11RHI: Creating D3DDevice using adapter:
[2022.01.30-17.38.57:991][  0]LogD3D11RHI:     Description : NVIDIA GeForce RTX 3080 Laptop GPU
[2022.01.30-17.38.57:991][  0]LogD3D11RHI:     VendorId    : 10de
[2022.01.30-17.38.57:991][  0]LogD3D11RHI:     DeviceId    : 249c
[2022.01.30-17.38.57:991][  0]LogD3D11RHI:     SubSysId    : 75d01458
[2022.01.30-17.38.57:991][  0]LogD3D11RHI:     Revision    : 00a1
[2022.01.30-17.38.57:991][  0]LogD3D11RHI:     DedicatedVideoMemory : 8432648192 bytes
[2022.01.30-17.38.57:991][  0]LogD3D11RHI:     DedicatedSystemMemory : 0 bytes
[2022.01.30-17.38.57:991][  0]LogD3D11RHI:     SharedSystemMemory : 17044449280 bytes
[2022.01.30-17.38.57:991][  0]LogD3D11RHI:     AdapterLuid : 0 64988
[2022.01.30-17.38.58:040][  0]LogD3D11RHI: RHI has support for 64 bit atomics
[2022.01.30-17.38.58:040][  0]LogD3D11RHI: Async texture creation enabled
[2022.01.30-17.38.58:040][  0]LogD3D11RHI: Array index from any shader is supported
[2022.01.30-17.38.58:058][  0]LogD3D11RHI: GPU Timing Frequency: 1000.000000 (Debug: 2 1)
[2022.01.30-17.38.58:084][  0]LogRHI: GeForceNow SDK initialized: 1
[2022.01.30-17.38.58:316][  0]LogTargetPlatformManager: Display: Loaded TargetPlatform 'AllDesktop'
[2022.01.30-17.38.58:330][  0]LogTargetPlatformManager: Display: Loaded TargetPlatform 'Android'
[2022.01.30-17.38.58:330][  0]LogTargetPlatformManager: Display: Loaded TargetPlatform 'Android_ASTC'
[2022.01.30-17.38.58:330][  0]LogTargetPlatformManager: Display: Loaded TargetPlatform 'Android_DXT'
[2022.01.30-17.38.58:330][  0]LogTargetPlatformManager: Display: Loaded TargetPlatform 'Android_ETC2'
[2022.01.30-17.38.58:330][  0]LogTargetPlatformManager: Display: Loaded TargetPlatform 'AndroidClient'
[2022.01.30-17.38.58:330][  0]LogTargetPlatformManager: Display: Loaded TargetPlatform 'Android_ASTCClient'
[2022.01.30-17.38.58:330][  0]LogTargetPlatformManager: Display: Loaded TargetPlatform 'Android_DXTClient'
[2022.01.30-17.38.58:330][  0]LogTargetPlatformManager: Display: Loaded TargetPlatform 'Android_ETC2Client'
[2022.01.30-17.38.58:330][  0]LogTargetPlatformManager: Display: Loaded TargetPlatform 'Android_Multi'
[2022.01.30-17.38.58:330][  0]LogTargetPlatformManager: Display: Loaded TargetPlatform 'Android_MultiClient'
[2022.01.30-17.38.58:342][  0]LogTargetPlatformManager: Display: Loaded TargetPlatform 'IOSClient'
[2022.01.30-17.38.58:342][  0]LogTargetPlatformManager: Display: Loaded TargetPlatform 'IOS'
[2022.01.30-17.38.58:349][  0]LogTargetPlatformManager: Display: Loaded TargetPlatform 'Linux'
[2022.01.30-17.38.58:351][  0]LogTargetPlatformManager: Display: Loaded TargetPlatform 'LinuxNoEditor'
[2022.01.30-17.38.58:355][  0]LogTargetPlatformManager: Display: Loaded TargetPlatform 'LinuxClient'
[2022.01.30-17.38.58:358][  0]LogTargetPlatformManager: Display: Loaded TargetPlatform 'LinuxServer'
[2022.01.30-17.38.58:364][  0]LogTargetPlatformManager: Display: Loaded TargetPlatform 'LinuxAArch64NoEditor'
[2022.01.30-17.38.58:367][  0]LogTargetPlatformManager: Display: Loaded TargetPlatform 'LinuxAArch64Client'
[2022.01.30-17.38.58:369][  0]LogTargetPlatformManager: Display: Loaded TargetPlatform 'LinuxAArch64Server'
[2022.01.30-17.38.58:385][  0]LogTargetPlatformManager: Display: Loaded TargetPlatform 'Lumin'
[2022.01.30-17.38.58:385][  0]LogTargetPlatformManager: Display: Loaded TargetPlatform 'LuminClient'
[2022.01.30-17.38.58:391][  0]LogTargetPlatformManager: Display: Loaded TargetPlatform 'MacNoEditor'
[2022.01.30-17.38.58:394][  0]LogTargetPlatformManager: Display: Loaded TargetPlatform 'Mac'
[2022.01.30-17.38.58:397][  0]LogTargetPlatformManager: Display: Loaded TargetPlatform 'MacClient'
[2022.01.30-17.38.58:399][  0]LogTargetPlatformManager: Display: Loaded TargetPlatform 'MacServer'
[2022.01.30-17.38.58:406][  0]LogTargetPlatformManager: Display: Loaded TargetPlatform 'TVOSClient'
[2022.01.30-17.38.58:406][  0]LogTargetPlatformManager: Display: Loaded TargetPlatform 'TVOS'
[2022.01.30-17.38.58:412][  0]LogTargetPlatformManager: Display: Loaded TargetPlatform 'WindowsNoEditor'
[2022.01.30-17.38.58:415][  0]LogTargetPlatformManager: Display: Loaded TargetPlatform 'Windows'
[2022.01.30-17.38.58:418][  0]LogTargetPlatformManager: Display: Loaded TargetPlatform 'WindowsClient'
[2022.01.30-17.38.58:421][  0]LogTargetPlatformManager: Display: Loaded TargetPlatform 'WindowsServer'
[2022.01.30-17.38.58:421][  0]LogTargetPlatformManager: Display: Building Assets For Windows
[2022.01.30-17.38.58:426][  0]LogAudioDebug: Display: Lib vorbis DLL was dynamically loaded.
[2022.01.30-17.38.58:446][  0]LogTextureFormatOodle: Display: Oodle Texture 2.9.0 init RDO Off
[2022.01.30-17.38.58:468][  0]LogRendererCore: Ray tracing is disabled. Reason: r.RayTracing=0.
[2022.01.30-17.38.58:468][  0]LogShaderCompilers: Guid format shader working directory is -33 characters bigger than the processId version (../../../../../humber/Humber year 2/game physics 158/game jam/TetrisPlatformer/Intermediate/Shaders/WorkingDirectory/10768/).
[2022.01.30-17.38.58:468][  0]LogShaderCompilers: Cleaned the shader compiler working directory 'C:/Users/Turtl/AppData/Local/Temp/UnrealShaderWorkingDir/A8C4757843DB38D088729EBD9F3842B0/'.
[2022.01.30-17.38.58:468][  0]LogXGEController: Cannot use XGE Controller as Incredibuild is not installed on this machine.
[2022.01.30-17.38.58:468][  0]LogShaderCompilers: Cannot use XGE Shader Compiler as Incredibuild is not installed on this machine.
[2022.01.30-17.38.58:468][  0]LogShaderCompilers: Display: Using Local Shader Compiler.
[2022.01.30-17.38.59:042][  0]LogDerivedDataCache: Display: Max Cache Size: 512 MB
[2022.01.30-17.38.59:048][  0]LogDerivedDataCache: Loaded boot cache 0.01s 15MB C:/Users/Turtl/AppData/Local/UnrealEngine/4.27/DerivedDataCache/Boot.ddc.
[2022.01.30-17.38.59:048][  0]LogDerivedDataCache: Display: Loaded Boot cache: C:/Users/Turtl/AppData/Local/UnrealEngine/4.27/DerivedDataCache/Boot.ddc
[2022.01.30-17.38.59:048][  0]LogDerivedDataCache: FDerivedDataBackendGraph:  Pak pak cache file ../../../../../humber/Humber year 2/game physics 158/game jam/TetrisPlatformer/DerivedDataCache/DDC.ddp not found, will not use a pak cache.
[2022.01.30-17.38.59:048][  0]LogDerivedDataCache: Unable to find inner node Pak for hierarchical cache Hierarchy.
[2022.01.30-17.38.59:048][  0]LogDerivedDataCache: FDerivedDataBackendGraph:  CompressedPak pak cache file ../../../../../humber/Humber year 2/game physics 158/game jam/TetrisPlatformer/DerivedDataCache/Compressed.ddp not found, will not use a pak cache.
[2022.01.30-17.38.59:048][  0]LogDerivedDataCache: Unable to find inner node CompressedPak for hierarchical cache Hierarchy.
[2022.01.30-17.38.59:061][  0]LogDerivedDataCache: Display: Pak cache opened for reading ../../../Engine/DerivedDataCache/Compressed.ddp.
[2022.01.30-17.38.59:061][  0]LogDerivedDataCache: FDerivedDataBackendGraph:  EnterprisePak pak cache file ../../../Enterprise/DerivedDataCache/Compressed.ddp not found, will not use a pak cache.
[2022.01.30-17.38.59:061][  0]LogDerivedDataCache: Unable to find inner node EnterprisePak for hierarchical cache Hierarchy.
[2022.01.30-17.38.59:075][  0]LogDerivedDataCache: Speed tests for C:/Users/Turtl/AppData/Local/UnrealEngine/Common/DerivedDataCache took 0.02 seconds
[2022.01.30-17.38.59:075][  0]LogDerivedDataCache: Display: Performance to C:/Users/Turtl/AppData/Local/UnrealEngine/Common/DerivedDataCache: Latency=0.02ms. RandomReadSpeed=1309.23MBs, RandomWriteSpeed=65.52MBs. Assigned SpeedClass 'Local'
[2022.01.30-17.38.59:076][  0]LogDerivedDataCache: Using Local data cache path C:/Users/Turtl/AppData/Local/UnrealEngine/Common/DerivedDataCache: Writable
[2022.01.30-17.38.59:076][  0]LogDerivedDataCache: Shared data cache path not found in *engine.ini, will not use an Shared cache.
[2022.01.30-17.38.59:076][  0]LogDerivedDataCache: Unable to find inner node Shared for hierarchical cache Hierarchy.
[2022.01.30-17.38.59:110][  0]LogSlate: Using FreeType 2.10.0
[2022.01.30-17.38.59:111][  0]LogSlate: SlateFontServices - WITH_FREETYPE: 1, WITH_HARFBUZZ: 1
[2022.01.30-17.38.59:128][  0]LogAssetRegistry: FAssetRegistry took 0.0024 seconds to start up
[2022.01.30-17.38.59:303][  0]LogInit: Selected Device Profile: [Windows]
[2022.01.30-17.38.59:303][  0]LogInit: Active device profile: [000001E2381DAB00][000001E230D9B640 49] Windows
[2022.01.30-17.38.59:303][  0]LogInit: Profiles: [000001E2381DAB00][000001E230D9B640 49] Windows, [000001E23932E300][000001E230E077C0 49] WindowsNoEditor, [000001E2381D9E00][000001E230E0B940 49] WindowsServer, [000001E23932EF00][000001E230E0FAC0 49] WindowsClient, [000001E2381DA800][000001E22E54A0C0 49] IOS, [000001E23932E500][000001E22E55A240 49] iPadAir, [000001E2381D8700][000001E2391323C0 49] iPadAir2, [000001E23A025A00][000001E230D9E640 49] IPadPro, [000001E23A025B00][000001E239136680 49] iPadAir3, [000001E23932F700][000001E23913A7C0 49] iPadAir4, [000001E23A026A00][000001E23913E900 49] iPadMini2, [000001E23932CC00][000001E238EEEA80 49] iPadMini3, [000001E23A024B00][000001E238F02C00 49] iPadMini4, [000001E23932F800][000001E238F06D80 49] iPadMini5, [000001E23A059300][000001E23908B040 49] iPhone6, [000001E23A059400][000001E239087080 49] iPodTouch6, [000001E2381D9700][000001E22FD31340 49] iPhone7, [000001E2381D9500][000001E23908F380 49] iPodTouch7, [000001E23A024E00][000001E22FD35500 49] iPhone5S, [000001E2381DBF00][000001E22FD39680 49] iPhone6Plus, [000001E23A027D00][000001E239147800 49] iPhone6S, [000001E2381D9A00][000001E2312F1980 49] iPhone6SPlus, [000001E2381D9400][000001E22FD3DB00 49] iPhone7Plus, [000001E23A058700][000001E22FD40100 49] iPhoneSE, [000001E2381D8E00][000001E22FD44280 49] iPhone8, [000001E23A058D00][000001E23A558400 49] iPhone8Plus, [000001E23A059A00][000001E23A55C580 49] iPhoneX, [000001E23A027300][000001E23A160700 49] iPhoneXS, [000001E23A05A300][000001E23914A840 49] iPhoneXSMax, [000001E23A026800][000001E23A17A980 49] iPhoneXR, [000001E23A059500][000001E23A17EAC0 49] iPhone11, [000001E23A027700][000001E23A196C40 49] iPhone11Pro, [000001E23A05B100][000001E23A19ADC0 49] iPhone11ProMax, [000001E23A024500][000001E23A2B8F40 49] iPhoneSE2, [000001E23A05AB00][000001E23A2C70C0 49] iPhone12Mini, [000001E23A026E00][000001E23A2CB240 49] iPhone12, [000001E23A05B400][000001E23A2CF3C0 49] iPhone12Pro, [000001E2381DBB00][000001E23A2D3540 49] iPhone12ProMax, [000001E23A058500][000001E23A2D76C0 49] iPadPro105, [000001E2381DB300][000001E23A2DB840 49] iPadPro129, [000001E23A05AA00][000001E23A2DF9C0 49] iPadPro97, [000001E2381D9200][000001E23A2EDB40 49] iPadPro2_129, [000001E23A05B200][000001E23A326140 49] iPad5, [000001E2381D8100][000001E23A39A2C0 49] iPad6, [000001E23A059600][000001E23907A440 49] iPad7, [000001E2381D9D00][000001E23907E5C0 49] iPad8, [000001E23A059900][000001E239082740 49] iPadPro11, [000001E2381DB000][000001E22FCF48C0 49] iPadPro2_11, [000001E23A058A00][000001E23A192A00 49] iPadPro3_129, [000001E2381D9100][000001E22FCFCB40 49] iPadPro4_129, [000001E23A05B000][000001E22FD00C80 49] AppleTV, [000001E2381D8200][000001E22FD04DC0 49] AppleTV4K, [000001E23A059C00][000001E22FD0CF40 49] TVOS, [000001E2381D9800][000001E230D010C0 49] Mac, [000001E23A058300][000001E230D05240 49] MacClient, [000001E2381D9000][000001E230D093C0 49] MacNoEditor, [000001E23A059F00][000001E230D0D540 49] MacServer, [000001E2381D8B00][000001E230D116C0 49] Linux, [000001E23A059000][000001E230D15840 49] LinuxAArch64, [000001E2381DB400][000001E23AA219C0 49] LinuxNoEditor, [000001E23A05A700][000001E22FCF9B40 49] LinuxAArch64NoEditor, [000001E2381D8D00][000001E230D3A140 49] LinuxClient, [000001E23A05BB00][000001E230D3E2C0 49] LinuxAArch64Client, [000001E2381D9C00][000001E230D42440 49] LinuxServer, [000001E23A05B800][000001E230D465C0 49] LinuxAArch64Server, [000001E2381D8A00][000001E230D4A740 49] Android, [000001E23A058E00][000001E23912C8C0 49] Android_Low, [000001E2381D8800][000001E239128A40 49] Android_Mid, [000001E23A05A400][000001E22FD08B80 49] Android_High, [000001E2381DB900][000001E239142CC0 49] Android_Default, [000001E23A05B900][000001E22FD48E00 49] Android_Adreno4xx, [000001E2381DAA00][000001E230D4EF40 49] Android_Adreno5xx_Low, [000001E23A05A600][000001E230D570C0 49] Android_Adreno5xx, [000001E2381DB600][000001E230D5B240 49] Android_Adreno6xx, [000001E23A05A000][000001E230D5F3C0 49] Android_Adreno6xx_Vulkan, [000001E2381DAD00][000001E230D63540 49] Android_Mali_T6xx, [000001E23A05B300][000001E230D676C0 49] Android_Mali_T7xx, [000001E2381D8500][000001E230D6B840 49] Android_Mali_T8xx, [000001E23A058600][000001E238EC79C0 49] Android_Mali_G71, [000001E2381DBC00][000001E238ECBB40 49] Android_Mali_G72, [000001E23A05BC00][000001E238ECE140 49] Android_Mali_G72_Vulkan, [000001E23A026100][000001E238ED22C0 49] Android_Mali_G76, [000001E23932E200][000001E238ED6440 49] Android_Mali_G76_Vulkan, [000001E23A026300][000001E238EDA5C0 49] Android_Mali_G77, [000001E23932C200][000001E238EDE740 49] Android_Mali_G77_Vulkan, [000001E23A025500][000001E238EE28C0 49] Android_Mali_G78, [000001E23932E700][000001E238EE6A40 49] Android_Mali_G78_Vulkan, [000001E23A025400][000001E238EEABC0 49] Android_Mali_G710, [000001E23932CF00][000001E23A9B8D40 49] Android_Mali_G710_Vulkan, [000001E23A025300][000001E230D52E80 49] Android_Vulkan_SM5, [000001E23932E800][000001E23A9BCFC0 49] Android_PowerVR_G6xxx, [000001E23A027C00][000001E23A9C1100 49] Android_PowerVR_GT7xxx, [000001E23932DD00][000001E23A9C9280 49] Android_PowerVR_GE8xxx, [000001E23A027800][000001E23A9CD400 49] Android_PowerVR_GM9xxx, [000001E23932C400][000001E23A9D1580 49] Android_PowerVR_GM9xxx_Vulkan, [000001E23A024600][000001E23A9D5700 49] Android_TegraK1, [000001E23932CB00][000001E23A9D9880 49] Android_Unknown_Vulkan, [000001E23A024300][000001E23A9DDA00 49] Lumin, [000001E23932D700][000001E23A9E1B80 49] Lumin_Desktop, [000001E23A025C00][000001E23A9E4180 49] HoloLens, 
[2022.01.30-17.38.59:402][  0]LogMeshReduction: Using QuadricMeshReduction for automatic static mesh reduction
[2022.01.30-17.38.59:402][  0]LogMeshReduction: Using SimplygonMeshReduction for automatic skeletal mesh reduction
[2022.01.30-17.38.59:402][  0]LogMeshReduction: Using ProxyLODMeshReduction for automatic mesh merging
[2022.01.30-17.38.59:402][  0]LogMeshReduction: No distributed automatic mesh merging module available
[2022.01.30-17.38.59:402][  0]LogMeshMerging: No distributed automatic mesh merging module available
[2022.01.30-17.38.59:417][  0]LogNetVersion: tetrisPlatformer 1.0.0, NetCL: 17155196, EngineNetVer: 17, GameNetVer: 0 (Checksum: 3525920700)
[2022.01.30-17.38.59:707][  0]LogTexture: Default maximum texture size for cubemaps generated from long-lat sources has been changed from 512 to unlimited. In order to preserve old behaiour for '/Engine/MapTemplates/Sky/DaylightAmbientCubemap.DaylightAmbientCubemap', its maximum texture size has been explicitly set to 512.
[2022.01.30-17.38.59:798][  0]LogHMD: PokeAHoleMaterial loaded successfully
[2022.01.30-17.38.59:802][  0]LogUObjectArray: 17178 objects as part of root set at end of initial load.
[2022.01.30-17.38.59:802][  0]LogUObjectAllocator: 4302048 out of 0 bytes used by permanent object pool.
[2022.01.30-17.38.59:802][  0]LogUObjectArray: CloseDisregardForGC: 0/0 objects in disregard for GC pool
[2022.01.30-17.38.59:988][  0]LogPython: Using Python 3.7.7
[2022.01.30-17.39.00:344][  0]LogNiagaraDebuggerClient: Niagara Debugger Client Initialized | Session: 9E634BF84281A5C44331878E353B4481 | Instance: 04C1A2DD4C51983F02E228BCA05407C1 (TURTLETNT5-LAPT-10768).
[2022.01.30-17.39.00:452][  0]LogTcpMessaging: Initializing TcpMessaging bridge
[2022.01.30-17.39.00:455][  0]LogUdpMessaging: Initializing bridge on interface 0.0.0.0:0 to multicast group 230.0.0.1:6666.
[2022.01.30-17.39.00:601][  0]SourceControl: Source control is disabled
[2022.01.30-17.39.00:601][  0]SourceControl: Source control is disabled
[2022.01.30-17.39.00:603][  0]SourceControl: Source control is disabled
[2022.01.30-17.39.00:605][  0]SourceControl: Source control is disabled
[2022.01.30-17.39.00:610][  0]SourceControl: Source control is disabled
[2022.01.30-17.39.00:627][  0]LogUProjectInfo: Found projects:
[2022.01.30-17.39.00:700][  0]LogOpenImageDenoise: OIDN starting up
[2022.01.30-17.39.00:742][  0]LogAndroidPermission: UAndroidPermissionCallbackProxy::GetInstance
[2022.01.30-17.39.00:751][  0]LogAudioCaptureCore: Display: No Audio Capture implementations found. Audio input will be silent.
[2022.01.30-17.39.00:751][  0]LogAudioCaptureCore: Display: No Audio Capture implementations found. Audio input will be silent.
[2022.01.30-17.39.00:842][  0]LogCollectionManager: Loaded 0 collections in 0.000540 seconds
[2022.01.30-17.39.00:860][  0]LogFileCache: Scanning file cache for directory 'D:/humber/Humber year 2/game physics 158/game jam/TetrisPlatformer/Saved/Collections/' took 0.00s
[2022.01.30-17.39.00:860][  0]LogFileCache: Scanning file cache for directory 'D:/humber/Humber year 2/game physics 158/game jam/TetrisPlatformer/Content/Developers/Turtl/Collections/' took 0.00s
[2022.01.30-17.39.00:860][  0]LogFileCache: Scanning file cache for directory 'D:/humber/Humber year 2/game physics 158/game jam/TetrisPlatformer/Content/Collections/' took 0.00s
[2022.01.30-17.39.00:860][  0]LogOcInput: OculusInput pre-init called
[2022.01.30-17.39.01:017][  0]LogEngine: Initializing Engine...
[2022.01.30-17.39.01:019][  0]LogHMD: Failed to enumerate extensions. Please check that you have a valid OpenXR runtime installed.
[2022.01.30-17.39.01:019][  0]LogHMD: Failed to initialize OpenVR with code 110
[2022.01.30-17.39.01:019][  0]LogMagicLeap: Warning: VR disabled because ZI is not enabled.  To enable, in the editor, Edit -> Project Settings -> Plugins -> Magic Leap Plugin -> Enable Zero Iteration
[2022.01.30-17.39.01:020][  0]LogStats: UGameplayTagsManager::InitializeManager -  0.000 s
[2022.01.30-17.39.01:239][  0]LogInit: Initializing FReadOnlyCVARCache
[2022.01.30-17.39.01:245][  0]LogAIModule: Creating AISystem for world Untitled
[2022.01.30-17.39.01:245][  0]LogAudio: Display: Initializing Audio Device Manager...
[2022.01.30-17.39.01:248][  0]LogAudio: Display: Loading Default Audio Settings Objects...
[2022.01.30-17.39.01:248][  0]LogAudio: Display: No default SoundConcurrencyObject specified (or failed to load).
[2022.01.30-17.39.01:249][  0]LogAudio: Display: Audio Device Manager Initialized
[2022.01.30-17.39.01:249][  0]LogAudio: Display: Creating Audio Device:                 Id: 1, Scope: Shared, Realtime: True
[2022.01.30-17.39.01:249][  0]LogAudioMixer: Display: Audio Mixer Platform Settings:
[2022.01.30-17.39.01:249][  0]LogAudioMixer: Display: 	Sample Rate:						  48000
[2022.01.30-17.39.01:249][  0]LogAudioMixer: Display: 	Callback Buffer Frame Size Requested: 1024
[2022.01.30-17.39.01:249][  0]LogAudioMixer: Display: 	Callback Buffer Frame Size To Use:	  1024
[2022.01.30-17.39.01:249][  0]LogAudioMixer: Display: 	Number of buffers to queue:			  2
[2022.01.30-17.39.01:249][  0]LogAudioMixer: Display: 	Max Channels (voices):				  32
[2022.01.30-17.39.01:249][  0]LogAudioMixer: Display: 	Number of Async Source Workers:		  0
[2022.01.30-17.39.01:249][  0]LogAudio: Display: AudioDevice MaxSources: 32
[2022.01.30-17.39.01:249][  0]LogAudio: Display: Audio Spatialization Plugin: None (built-in).
[2022.01.30-17.39.01:249][  0]LogAudio: Display: Audio Reverb Plugin: None (built-in).
[2022.01.30-17.39.01:249][  0]LogAudio: Display: Audio Occlusion Plugin: None (built-in).
[2022.01.30-17.39.01:249][  0]LogAudioMixer: Display: Initializing audio mixer.
[2022.01.30-17.39.01:256][  0]LogAudioMixer: Display: 0: FrontLeft
[2022.01.30-17.39.01:256][  0]LogAudioMixer: Display: 1: FrontRight
[2022.01.30-17.39.01:307][  0]LogAudioMixer: Display: Using Audio Device Speakers (JBL Quantum 800* Game)
[2022.01.30-17.39.01:308][  0]LogAudioMixer: Display: Initializing Sound Submixes...
[2022.01.30-17.39.01:310][  0]LogAudioMixer: Display: Creating Master Submix 'MasterSubmixDefault'
[2022.01.30-17.39.01:310][  0]LogAudioMixer: Display: Creating Master Submix 'MasterReverbSubmixDefault'
[2022.01.30-17.39.01:310][  0]LogAudioMixer: Display: Creating Master Submix 'MasterEQSubmixDefault'
[2022.01.30-17.39.01:310][  0]LogAudioMixer: FMixerPlatformXAudio2::StartAudioStream() called
[2022.01.30-17.39.01:310][  0]LogAudioMixer: Display: Output buffers initialized: Frames=1024, Channels=2, Samples=2048
[2022.01.30-17.39.01:311][  0]LogAudioMixer: Display: Starting AudioMixerPlatformInterface::RunInternal()
[2022.01.30-17.39.01:311][  0]LogAudioMixer: Display: FMixerPlatformXAudio2::SubmitBuffer() called for the first time
[2022.01.30-17.39.01:311][  0]LogInit: FAudioDevice initialized.
[2022.01.30-17.39.01:311][  0]LogAudio: Display: Audio Device (ID: 1) registered with world 'Untitled'.
[2022.01.30-17.39.01:311][  0]LogNetVersion: Set ProjectVersion to 1.0.0.0. Version Checksum will be recalculated on next use.
[2022.01.30-17.39.01:349][  0]LogDerivedDataCache: Saved boot cache 0.04s 94MB C:/Users/Turtl/AppData/Local/UnrealEngine/4.27/DerivedDataCache/Boot.ddc.
[2022.01.30-17.39.01:351][  0]LogInit: Texture streaming: Enabled
[2022.01.30-17.39.01:360][  0]LogAnalytics: Display: [UEEditor.Rocket.Release] APIServer = https://datarouter.ol.epicgames.com/. AppVersion = 4.27.2-18319896+++UE4+Release-4.27
[2022.01.30-17.39.01:364][  0]LogEngineSessionManager: EngineSessionManager initialized
[2022.01.30-17.39.01:365][  0]LogEditorSessionSummary: Verbose: Initializing EditorSessionSummaryWriter for editor session tracking
[2022.01.30-17.39.01:371][  0]LogEditorSessionSummary: EditorSessionSummaryWriter initialized
[2022.01.30-17.39.01:405][  0]LogInit: Transaction tracking system initialized
[2022.01.30-17.39.01:419][  0]BlueprintLog: New page: Editor Load
[2022.01.30-17.39.01:457][  0]LocalizationService: Localization service is disabled
[2022.01.30-17.39.01:474][  0]TimingProfiler: Initialize
[2022.01.30-17.39.01:474][  0]TimingProfiler: OnSessionChanged
[2022.01.30-17.39.01:474][  0]LoadingProfiler: Initialize
[2022.01.30-17.39.01:475][  0]LoadingProfiler: OnSessionChanged
[2022.01.30-17.39.01:475][  0]NetworkingProfiler: Initialize
[2022.01.30-17.39.01:475][  0]NetworkingProfiler: OnSessionChanged
[2022.01.30-17.39.01:475][  0]MemoryProfiler: Initialize
[2022.01.30-17.39.01:475][  0]MemoryProfiler: OnSessionChanged
[2022.01.30-17.39.01:586][  0]LogCook: Display: CookSettings for Memory: MemoryMaxUsedVirtual 0MiB, MemoryMaxUsedPhysical 16384MiB, MemoryMinFreeVirtual 0MiB, MemoryMinFreePhysical 1024MiB
[2022.01.30-17.39.01:586][  0]LogCook: Display: Mobile HDR setting 1
[2022.01.30-17.39.01:712][  0]LogFileCache: Scanning file cache for directory 'D:/humber/Humber year 2/game physics 158/game jam/TetrisPlatformer/Content/' took 0.00s
[2022.01.30-17.39.01:832][  0]LogInit: Display: Engine is initialized. Leaving FEngineLoop::Init()
[2022.01.30-17.39.01:838][  0]SourceControl: Source control is disabled
[2022.01.30-17.39.01:838][  0]LogUnrealEdMisc: Loading editor; pre map load, took 5.144
[2022.01.30-17.39.01:838][  0]Cmd: MAP LOAD FILE="../../../../../humber/Humber year 2/game physics 158/game jam/TetrisPlatformer/Content/SideScrollerBP/Maps/SideScrollerExampleMap.umap" TEMPLATE=0 SHOWPROGRESS=1 FEATURELEVEL=3
[2022.01.30-17.39.01:838][  0]LightingResults: New page: Lighting Build
[2022.01.30-17.39.01:839][  0]LogWorld: UWorld::CleanupWorld for Untitled, bSessionEnded=true, bCleanupResources=true
[2022.01.30-17.39.01:839][  0]LogSlate: InvalidateAllWidgets triggered.  All widgets were invalidated
[2022.01.30-17.39.01:840][  0]MapCheck: New page: Map Check
[2022.01.30-17.39.01:840][  0]LightingResults: New page: Lighting Build
[2022.01.30-17.39.01:846][  0]LogAudio: Display: Audio Device unregistered from world 'None'.
[2022.01.30-17.39.01:848][  0]LogUObjectHash: Compacting FUObjectHashTables data took   0.59ms
[2022.01.30-17.39.02:119][  0]LogAudio: Display: Audio Device (ID: 1) registered with world 'SideScrollerExampleMap'.
[2022.01.30-17.39.02:120][  0]LogAIModule: Creating AISystem for world SideScrollerExampleMap
[2022.01.30-17.39.02:124][  0]LogEditorServer: Finished looking for orphan Actors (0.000 secs)
[2022.01.30-17.39.02:132][  0]LogUObjectHash: Compacting FUObjectHashTables data took   0.66ms
[2022.01.30-17.39.02:133][  0]Cmd: MAP CHECKDEP NOCLEARLOG
[2022.01.30-17.39.02:133][  0]MapCheck: Map check complete: 0 Error(s), 0 Warning(s), took 0.131ms to complete.
[2022.01.30-17.39.02:133][  0]LogFileHelpers: Loading map 'SideScrollerExampleMap' took 0.295
[2022.01.30-17.39.02:135][  0]LogUnrealEdMisc: Total Editor Startup Time, took 5.441
[2022.01.30-17.39.02:275][  0]LogSlate: Updating window title bar state: overlay mode, drag disabled, window buttons hidden, title bar hidden
[2022.01.30-17.39.02:279][  0]LogSlate: Updating window title bar state: overlay mode, drag disabled, window buttons hidden, title bar hidden
[2022.01.30-17.39.02:284][  0]LogSlate: Updating window title bar state: overlay mode, drag disabled, window buttons hidden, title bar hidden
[2022.01.30-17.39.02:288][  0]LogSlate: Updating window title bar state: overlay mode, drag disabled, window buttons hidden, title bar hidden
[2022.01.30-17.39.02:301][  0]LogNativeClassHierarchy: Verbose: Native class hierarchy populated in 0.0073 seconds. Added 3822 classes and 928 folders.
[2022.01.30-17.39.02:303][  0]LogNativeClassHierarchy: Verbose: Native class hierarchy updated for 'WidgetCarousel' in 0.0002 seconds. Added 0 classes and 0 folders.
[2022.01.30-17.39.02:304][  0]LogPakFile: PakFile PrimaryIndexSize=187
[2022.01.30-17.39.02:304][  0]LogPakFile: PakFile PathHashIndexSize=101
[2022.01.30-17.39.02:304][  0]LogPakFile: PakFile FullDirectoryIndexSize=148
[2022.01.30-17.39.02:304][  0]LogShaderLibrary: Display: ShaderCodeLibraryPakFileMountedCallback: PakFile 'D:/epic games games/UE_4.27/FeaturePacks/FP_FirstPerson.upack' (chunk index -1, root 'root:/') mounted
[2022.01.30-17.39.02:304][  0]LogShaderLibrary: Display: ShaderCodeLibraryPakFileMountedCallback: pending pak file info (ChunkID:-1 Root:root:/ File:D:/epic games games/UE_4.27/FeaturePacks/FP_FirstPerson.upack)
[2022.01.30-17.39.02:304][  0]LogPakFile: OnPakFileMounted2Time == 0.000044
[2022.01.30-17.39.02:305][  0]LogPakFile: PakFile PrimaryIndexSize=189
[2022.01.30-17.39.02:305][  0]LogPakFile: PakFile PathHashIndexSize=101
[2022.01.30-17.39.02:305][  0]LogPakFile: PakFile FullDirectoryIndexSize=152
[2022.01.30-17.39.02:305][  0]LogShaderLibrary: Display: ShaderCodeLibraryPakFileMountedCallback: PakFile 'D:/epic games games/UE_4.27/FeaturePacks/FP_FirstPersonBP.upack' (chunk index -1, root 'root:/') mounted
[2022.01.30-17.39.02:305][  0]LogShaderLibrary: Display: ShaderCodeLibraryPakFileMountedCallback: pending pak file info (ChunkID:-1 Root:root:/ File:D:/epic games games/UE_4.27/FeaturePacks/FP_FirstPersonBP.upack)
[2022.01.30-17.39.02:305][  0]LogPakFile: OnPakFileMounted2Time == 0.000028
[2022.01.30-17.39.02:305][  0]LogPakFile: PakFile PrimaryIndexSize=191
[2022.01.30-17.39.02:305][  0]LogPakFile: PakFile PathHashIndexSize=101
[2022.01.30-17.39.02:305][  0]LogPakFile: PakFile FullDirectoryIndexSize=160
[2022.01.30-17.39.02:305][  0]LogShaderLibrary: Display: ShaderCodeLibraryPakFileMountedCallback: PakFile 'D:/epic games games/UE_4.27/FeaturePacks/MobileStarterContent.upack' (chunk index -1, root 'root:/') mounted
[2022.01.30-17.39.02:305][  0]LogShaderLibrary: Display: ShaderCodeLibraryPakFileMountedCallback: pending pak file info (ChunkID:-1 Root:root:/ File:D:/epic games games/UE_4.27/FeaturePacks/MobileStarterContent.upack)
[2022.01.30-17.39.02:305][  0]LogPakFile: OnPakFileMounted2Time == 0.000024
[2022.01.30-17.39.02:306][  0]LogPakFile: PakFile PrimaryIndexSize=185
[2022.01.30-17.39.02:306][  0]LogPakFile: PakFile PathHashIndexSize=101
[2022.01.30-17.39.02:306][  0]LogPakFile: PakFile FullDirectoryIndexSize=148
[2022.01.30-17.39.02:306][  0]LogShaderLibrary: Display: ShaderCodeLibraryPakFileMountedCallback: PakFile 'D:/epic games games/UE_4.27/FeaturePacks/StarterContent.upack' (chunk index -1, root 'root:/') mounted
[2022.01.30-17.39.02:306][  0]LogShaderLibrary: Display: ShaderCodeLibraryPakFileMountedCallback: pending pak file info (ChunkID:-1 Root:root:/ File:D:/epic games games/UE_4.27/FeaturePacks/StarterContent.upack)
[2022.01.30-17.39.02:306][  0]LogPakFile: OnPakFileMounted2Time == 0.000024
[2022.01.30-17.39.02:306][  0]LogPakFile: PakFile PrimaryIndexSize=190
[2022.01.30-17.39.02:306][  0]LogPakFile: PakFile PathHashIndexSize=101
[2022.01.30-17.39.02:306][  0]LogPakFile: PakFile FullDirectoryIndexSize=154
[2022.01.30-17.39.02:306][  0]LogShaderLibrary: Display: ShaderCodeLibraryPakFileMountedCallback: PakFile 'D:/epic games games/UE_4.27/FeaturePacks/TP_2DSideScroller.upack' (chunk index -1, root 'root:/') mounted
[2022.01.30-17.39.02:306][  0]LogShaderLibrary: Display: ShaderCodeLibraryPakFileMountedCallback: pending pak file info (ChunkID:-1 Root:root:/ File:D:/epic games games/UE_4.27/FeaturePacks/TP_2DSideScroller.upack)
[2022.01.30-17.39.02:306][  0]LogPakFile: OnPakFileMounted2Time == 0.000023
[2022.01.30-17.39.02:307][  0]LogPakFile: PakFile PrimaryIndexSize=192
[2022.01.30-17.39.02:307][  0]LogPakFile: PakFile PathHashIndexSize=101
[2022.01.30-17.39.02:307][  0]LogPakFile: PakFile FullDirectoryIndexSize=158
[2022.01.30-17.39.02:307][  0]LogShaderLibrary: Display: ShaderCodeLibraryPakFileMountedCallback: PakFile 'D:/epic games games/UE_4.27/FeaturePacks/TP_2DSideScrollerBP.upack' (chunk index -1, root 'root:/') mounted
[2022.01.30-17.39.02:307][  0]LogShaderLibrary: Display: ShaderCodeLibraryPakFileMountedCallback: pending pak file info (ChunkID:-1 Root:root:/ File:D:/epic games games/UE_4.27/FeaturePacks/TP_2DSideScrollerBP.upack)
[2022.01.30-17.39.02:307][  0]LogPakFile: OnPakFileMounted2Time == 0.000023
[2022.01.30-17.39.02:307][  0]LogPakFile: PakFile PrimaryIndexSize=182
[2022.01.30-17.39.02:307][  0]LogPakFile: PakFile PathHashIndexSize=101
[2022.01.30-17.39.02:307][  0]LogPakFile: PakFile FullDirectoryIndexSize=138
[2022.01.30-17.39.02:307][  0]LogShaderLibrary: Display: ShaderCodeLibraryPakFileMountedCallback: PakFile 'D:/epic games games/UE_4.27/FeaturePacks/TP_Flying.upack' (chunk index -1, root 'root:/') mounted
[2022.01.30-17.39.02:308][  0]LogShaderLibrary: Display: ShaderCodeLibraryPakFileMountedCallback: pending pak file info (ChunkID:-1 Root:root:/ File:D:/epic games games/UE_4.27/FeaturePacks/TP_Flying.upack)
[2022.01.30-17.39.02:308][  0]LogPakFile: OnPakFileMounted2Time == 0.000023
[2022.01.30-17.39.02:308][  0]LogPakFile: PakFile PrimaryIndexSize=184
[2022.01.30-17.39.02:308][  0]LogPakFile: PakFile PathHashIndexSize=101
[2022.01.30-17.39.02:308][  0]LogPakFile: PakFile FullDirectoryIndexSize=142
[2022.01.30-17.39.02:308][  0]LogShaderLibrary: Display: ShaderCodeLibraryPakFileMountedCallback: PakFile 'D:/epic games games/UE_4.27/FeaturePacks/TP_FlyingBP.upack' (chunk index -1, root 'root:/') mounted
[2022.01.30-17.39.02:308][  0]LogShaderLibrary: Display: ShaderCodeLibraryPakFileMountedCallback: pending pak file info (ChunkID:-1 Root:root:/ File:D:/epic games games/UE_4.27/FeaturePacks/TP_FlyingBP.upack)
[2022.01.30-17.39.02:308][  0]LogPakFile: OnPakFileMounted2Time == 0.000022
[2022.01.30-17.39.02:308][  0]LogPakFile: PakFile PrimaryIndexSize=188
[2022.01.30-17.39.02:308][  0]LogPakFile: PakFile PathHashIndexSize=101
[2022.01.30-17.39.02:308][  0]LogPakFile: PakFile FullDirectoryIndexSize=150
[2022.01.30-17.39.02:309][  0]LogShaderLibrary: Display: ShaderCodeLibraryPakFileMountedCallback: PakFile 'D:/epic games games/UE_4.27/FeaturePacks/TP_HandheldARBP.upack' (chunk index -1, root 'root:/') mounted
[2022.01.30-17.39.02:309][  0]LogShaderLibrary: Display: ShaderCodeLibraryPakFileMountedCallback: pending pak file info (ChunkID:-1 Root:root:/ File:D:/epic games games/UE_4.27/FeaturePacks/TP_HandheldARBP.upack)
[2022.01.30-17.39.02:309][  0]LogPakFile: OnPakFileMounted2Time == 0.000023
[2022.01.30-17.39.02:309][  0]LogPakFile: PakFile PrimaryIndexSize=182
[2022.01.30-17.39.02:309][  0]LogPakFile: PakFile PathHashIndexSize=101
[2022.01.30-17.39.02:309][  0]LogPakFile: PakFile FullDirectoryIndexSize=138
[2022.01.30-17.39.02:309][  0]LogShaderLibrary: Display: ShaderCodeLibraryPakFileMountedCallback: PakFile 'D:/epic games games/UE_4.27/FeaturePacks/TP_Puzzle.upack' (chunk index -1, root 'root:/') mounted
[2022.01.30-17.39.02:309][  0]LogShaderLibrary: Display: ShaderCodeLibraryPakFileMountedCallback: pending pak file info (ChunkID:-1 Root:root:/ File:D:/epic games games/UE_4.27/FeaturePacks/TP_Puzzle.upack)
[2022.01.30-17.39.02:309][  0]LogPakFile: OnPakFileMounted2Time == 0.000022
[2022.01.30-17.39.02:310][  0]LogPakFile: PakFile PrimaryIndexSize=184
[2022.01.30-17.39.02:310][  0]LogPakFile: PakFile PathHashIndexSize=101
[2022.01.30-17.39.02:310][  0]LogPakFile: PakFile FullDirectoryIndexSize=142
[2022.01.30-17.39.02:310][  0]LogShaderLibrary: Display: ShaderCodeLibraryPakFileMountedCallback: PakFile 'D:/epic games games/UE_4.27/FeaturePacks/TP_PuzzleBP.upack' (chunk index -1, root 'root:/') mounted
[2022.01.30-17.39.02:310][  0]LogShaderLibrary: Display: ShaderCodeLibraryPakFileMountedCallback: pending pak file info (ChunkID:-1 Root:root:/ File:D:/epic games games/UE_4.27/FeaturePacks/TP_PuzzleBP.upack)
[2022.01.30-17.39.02:310][  0]LogPakFile: OnPakFileMounted2Time == 0.000022
[2022.01.30-17.39.02:310][  0]LogPakFile: PakFile PrimaryIndexSize=183
[2022.01.30-17.39.02:310][  0]LogPakFile: PakFile PathHashIndexSize=101
[2022.01.30-17.39.02:310][  0]LogPakFile: PakFile FullDirectoryIndexSize=140
[2022.01.30-17.39.02:310][  0]LogShaderLibrary: Display: ShaderCodeLibraryPakFileMountedCallback: PakFile 'D:/epic games games/UE_4.27/FeaturePacks/TP_Rolling.upack' (chunk index -1, root 'root:/') mounted
[2022.01.30-17.39.02:310][  0]LogShaderLibrary: Display: ShaderCodeLibraryPakFileMountedCallback: pending pak file info (ChunkID:-1 Root:root:/ File:D:/epic games games/UE_4.27/FeaturePacks/TP_Rolling.upack)
[2022.01.30-17.39.02:310][  0]LogPakFile: OnPakFileMounted2Time == 0.000023
[2022.01.30-17.39.02:311][  0]LogPakFile: PakFile PrimaryIndexSize=185
[2022.01.30-17.39.02:311][  0]LogPakFile: PakFile PathHashIndexSize=101
[2022.01.30-17.39.02:311][  0]LogPakFile: PakFile FullDirectoryIndexSize=144
[2022.01.30-17.39.02:311][  0]LogShaderLibrary: Display: ShaderCodeLibraryPakFileMountedCallback: PakFile 'D:/epic games games/UE_4.27/FeaturePacks/TP_RollingBP.upack' (chunk index -1, root 'root:/') mounted
[2022.01.30-17.39.02:311][  0]LogShaderLibrary: Display: ShaderCodeLibraryPakFileMountedCallback: pending pak file info (ChunkID:-1 Root:root:/ File:D:/epic games games/UE_4.27/FeaturePacks/TP_RollingBP.upack)
[2022.01.30-17.39.02:311][  0]LogPakFile: OnPakFileMounted2Time == 0.000022
[2022.01.30-17.39.02:311][  0]LogPakFile: PakFile PrimaryIndexSize=188
[2022.01.30-17.39.02:311][  0]LogPakFile: PakFile PathHashIndexSize=101
[2022.01.30-17.39.02:311][  0]LogPakFile: PakFile FullDirectoryIndexSize=150
[2022.01.30-17.39.02:311][  0]LogShaderLibrary: Display: ShaderCodeLibraryPakFileMountedCallback: PakFile 'D:/epic games games/UE_4.27/FeaturePacks/TP_SideScroller.upack' (chunk index -1, root 'root:/') mounted
[2022.01.30-17.39.02:311][  0]LogShaderLibrary: Display: ShaderCodeLibraryPakFileMountedCallback: pending pak file info (ChunkID:-1 Root:root:/ File:D:/epic games games/UE_4.27/FeaturePacks/TP_SideScroller.upack)
[2022.01.30-17.39.02:311][  0]LogPakFile: OnPakFileMounted2Time == 0.000039
[2022.01.30-17.39.02:312][  0]LogPakFile: PakFile PrimaryIndexSize=190
[2022.01.30-17.39.02:312][  0]LogPakFile: PakFile PathHashIndexSize=101
[2022.01.30-17.39.02:312][  0]LogPakFile: PakFile FullDirectoryIndexSize=154
[2022.01.30-17.39.02:312][  0]LogShaderLibrary: Display: ShaderCodeLibraryPakFileMountedCallback: PakFile 'D:/epic games games/UE_4.27/FeaturePacks/TP_SideScrollerBP.upack' (chunk index -1, root 'root:/') mounted
[2022.01.30-17.39.02:312][  0]LogShaderLibrary: Display: ShaderCodeLibraryPakFileMountedCallback: pending pak file info (ChunkID:-1 Root:root:/ File:D:/epic games games/UE_4.27/FeaturePacks/TP_SideScrollerBP.upack)
[2022.01.30-17.39.02:312][  0]LogPakFile: OnPakFileMounted2Time == 0.000022
[2022.01.30-17.39.02:312][  0]LogPakFile: PakFile PrimaryIndexSize=187
[2022.01.30-17.39.02:312][  0]LogPakFile: PakFile PathHashIndexSize=101
[2022.01.30-17.39.02:312][  0]LogPakFile: PakFile FullDirectoryIndexSize=148
[2022.01.30-17.39.02:312][  0]LogShaderLibrary: Display: ShaderCodeLibraryPakFileMountedCallback: PakFile 'D:/epic games games/UE_4.27/FeaturePacks/TP_ThirdPerson.upack' (chunk index -1, root 'root:/') mounted
[2022.01.30-17.39.02:312][  0]LogShaderLibrary: Display: ShaderCodeLibraryPakFileMountedCallback: pending pak file info (ChunkID:-1 Root:root:/ File:D:/epic games games/UE_4.27/FeaturePacks/TP_ThirdPerson.upack)
[2022.01.30-17.39.02:312][  0]LogPakFile: OnPakFileMounted2Time == 0.000023
[2022.01.30-17.39.02:313][  0]LogPakFile: PakFile PrimaryIndexSize=189
[2022.01.30-17.39.02:313][  0]LogPakFile: PakFile PathHashIndexSize=101
[2022.01.30-17.39.02:313][  0]LogPakFile: PakFile FullDirectoryIndexSize=152
[2022.01.30-17.39.02:313][  0]LogShaderLibrary: Display: ShaderCodeLibraryPakFileMountedCallback: PakFile 'D:/epic games games/UE_4.27/FeaturePacks/TP_ThirdPersonBP.upack' (chunk index -1, root 'root:/') mounted
[2022.01.30-17.39.02:313][  0]LogShaderLibrary: Display: ShaderCodeLibraryPakFileMountedCallback: pending pak file info (ChunkID:-1 Root:root:/ File:D:/epic games games/UE_4.27/FeaturePacks/TP_ThirdPersonBP.upack)
[2022.01.30-17.39.02:313][  0]LogPakFile: OnPakFileMounted2Time == 0.000022
[2022.01.30-17.39.02:313][  0]LogPakFile: PakFile PrimaryIndexSize=183
[2022.01.30-17.39.02:313][  0]LogPakFile: PakFile PathHashIndexSize=101
[2022.01.30-17.39.02:313][  0]LogPakFile: PakFile FullDirectoryIndexSize=140
[2022.01.30-17.39.02:313][  0]LogShaderLibrary: Display: ShaderCodeLibraryPakFileMountedCallback: PakFile 'D:/epic games games/UE_4.27/FeaturePacks/TP_TopDown.upack' (chunk index -1, root 'root:/') mounted
[2022.01.30-17.39.02:313][  0]LogShaderLibrary: Display: ShaderCodeLibraryPakFileMountedCallback: pending pak file info (ChunkID:-1 Root:root:/ File:D:/epic games games/UE_4.27/FeaturePacks/TP_TopDown.upack)
[2022.01.30-17.39.02:313][  0]LogPakFile: OnPakFileMounted2Time == 0.000027
[2022.01.30-17.39.02:313][  0]LogPakFile: PakFile PrimaryIndexSize=185
[2022.01.30-17.39.02:313][  0]LogPakFile: PakFile PathHashIndexSize=101
[2022.01.30-17.39.02:313][  0]LogPakFile: PakFile FullDirectoryIndexSize=144
[2022.01.30-17.39.02:313][  0]LogShaderLibrary: Display: ShaderCodeLibraryPakFileMountedCallback: PakFile 'D:/epic games games/UE_4.27/FeaturePacks/TP_TopDownBP.upack' (chunk index -1, root 'root:/') mounted
[2022.01.30-17.39.02:313][  0]LogShaderLibrary: Display: ShaderCodeLibraryPakFileMountedCallback: pending pak file info (ChunkID:-1 Root:root:/ File:D:/epic games games/UE_4.27/FeaturePacks/TP_TopDownBP.upack)
[2022.01.30-17.39.02:313][  0]LogPakFile: OnPakFileMounted2Time == 0.000022
[2022.01.30-17.39.02:314][  0]LogPakFile: PakFile PrimaryIndexSize=185
[2022.01.30-17.39.02:314][  0]LogPakFile: PakFile PathHashIndexSize=101
[2022.01.30-17.39.02:314][  0]LogPakFile: PakFile FullDirectoryIndexSize=144
[2022.01.30-17.39.02:314][  0]LogShaderLibrary: Display: ShaderCodeLibraryPakFileMountedCallback: PakFile 'D:/epic games games/UE_4.27/FeaturePacks/TP_TwinStick.upack' (chunk index -1, root 'root:/') mounted
[2022.01.30-17.39.02:314][  0]LogShaderLibrary: Display: ShaderCodeLibraryPakFileMountedCallback: pending pak file info (ChunkID:-1 Root:root:/ File:D:/epic games games/UE_4.27/FeaturePacks/TP_TwinStick.upack)
[2022.01.30-17.39.02:314][  0]LogPakFile: OnPakFileMounted2Time == 0.000022
[2022.01.30-17.39.02:314][  0]LogPakFile: PakFile PrimaryIndexSize=187
[2022.01.30-17.39.02:314][  0]LogPakFile: PakFile PathHashIndexSize=101
[2022.01.30-17.39.02:314][  0]LogPakFile: PakFile FullDirectoryIndexSize=148
[2022.01.30-17.39.02:314][  0]LogShaderLibrary: Display: ShaderCodeLibraryPakFileMountedCallback: PakFile 'D:/epic games games/UE_4.27/FeaturePacks/TP_TwinStickBP.upack' (chunk index -1, root 'root:/') mounted
[2022.01.30-17.39.02:314][  0]LogShaderLibrary: Display: ShaderCodeLibraryPakFileMountedCallback: pending pak file info (ChunkID:-1 Root:root:/ File:D:/epic games games/UE_4.27/FeaturePacks/TP_TwinStickBP.upack)
[2022.01.30-17.39.02:314][  0]LogPakFile: OnPakFileMounted2Time == 0.000022
[2022.01.30-17.39.02:315][  0]LogPakFile: PakFile PrimaryIndexSize=183
[2022.01.30-17.39.02:315][  0]LogPakFile: PakFile PathHashIndexSize=101
[2022.01.30-17.39.02:315][  0]LogPakFile: PakFile FullDirectoryIndexSize=140
[2022.01.30-17.39.02:315][  0]LogShaderLibrary: Display: ShaderCodeLibraryPakFileMountedCallback: PakFile 'D:/epic games games/UE_4.27/FeaturePacks/TP_Vehicle.upack' (chunk index -1, root 'root:/') mounted
[2022.01.30-17.39.02:315][  0]LogShaderLibrary: Display: ShaderCodeLibraryPakFileMountedCallback: pending pak file info (ChunkID:-1 Root:root:/ File:D:/epic games games/UE_4.27/FeaturePacks/TP_Vehicle.upack)
[2022.01.30-17.39.02:315][  0]LogPakFile: OnPakFileMounted2Time == 0.000032
[2022.01.30-17.39.02:315][  0]LogPakFile: PakFile PrimaryIndexSize=186
[2022.01.30-17.39.02:315][  0]LogPakFile: PakFile PathHashIndexSize=101
[2022.01.30-17.39.02:315][  0]LogPakFile: PakFile FullDirectoryIndexSize=146
[2022.01.30-17.39.02:315][  0]LogShaderLibrary: Display: ShaderCodeLibraryPakFileMountedCallback: PakFile 'D:/epic games games/UE_4.27/FeaturePacks/TP_VehicleAdv.upack' (chunk index -1, root 'root:/') mounted
[2022.01.30-17.39.02:315][  0]LogShaderLibrary: Display: ShaderCodeLibraryPakFileMountedCallback: pending pak file info (ChunkID:-1 Root:root:/ File:D:/epic games games/UE_4.27/FeaturePacks/TP_VehicleAdv.upack)
[2022.01.30-17.39.02:315][  0]LogPakFile: OnPakFileMounted2Time == 0.000023
[2022.01.30-17.39.02:316][  0]LogPakFile: PakFile PrimaryIndexSize=188
[2022.01.30-17.39.02:316][  0]LogPakFile: PakFile PathHashIndexSize=101
[2022.01.30-17.39.02:316][  0]LogPakFile: PakFile FullDirectoryIndexSize=150
[2022.01.30-17.39.02:316][  0]LogShaderLibrary: Display: ShaderCodeLibraryPakFileMountedCallback: PakFile 'D:/epic games games/UE_4.27/FeaturePacks/TP_VehicleAdvBP.upack' (chunk index -1, root 'root:/') mounted
[2022.01.30-17.39.02:316][  0]LogShaderLibrary: Display: ShaderCodeLibraryPakFileMountedCallback: pending pak file info (ChunkID:-1 Root:root:/ File:D:/epic games games/UE_4.27/FeaturePacks/TP_VehicleAdvBP.upack)
[2022.01.30-17.39.02:316][  0]LogPakFile: OnPakFileMounted2Time == 0.000025
[2022.01.30-17.39.02:316][  0]LogPakFile: PakFile PrimaryIndexSize=185
[2022.01.30-17.39.02:316][  0]LogPakFile: PakFile PathHashIndexSize=101
[2022.01.30-17.39.02:316][  0]LogPakFile: PakFile FullDirectoryIndexSize=144
[2022.01.30-17.39.02:316][  0]LogShaderLibrary: Display: ShaderCodeLibraryPakFileMountedCallback: PakFile 'D:/epic games games/UE_4.27/FeaturePacks/TP_VehicleBP.upack' (chunk index -1, root 'root:/') mounted
[2022.01.30-17.39.02:316][  0]LogShaderLibrary: Display: ShaderCodeLibraryPakFileMountedCallback: pending pak file info (ChunkID:-1 Root:root:/ File:D:/epic games games/UE_4.27/FeaturePacks/TP_VehicleBP.upack)
[2022.01.30-17.39.02:316][  0]LogPakFile: OnPakFileMounted2Time == 0.000023
[2022.01.30-17.39.02:317][  0]LogPakFile: PakFile PrimaryIndexSize=192
[2022.01.30-17.39.02:317][  0]LogPakFile: PakFile PathHashIndexSize=101
[2022.01.30-17.39.02:317][  0]LogPakFile: PakFile FullDirectoryIndexSize=158
[2022.01.30-17.39.02:317][  0]LogShaderLibrary: Display: ShaderCodeLibraryPakFileMountedCallback: PakFile 'D:/epic games games/UE_4.27/FeaturePacks/TP_VirtualRealityBP.upack' (chunk index -1, root 'root:/') mounted
[2022.01.30-17.39.02:317][  0]LogShaderLibrary: Display: ShaderCodeLibraryPakFileMountedCallback: pending pak file info (ChunkID:-1 Root:root:/ File:D:/epic games games/UE_4.27/FeaturePacks/TP_VirtualRealityBP.upack)
[2022.01.30-17.39.02:317][  0]LogPakFile: OnPakFileMounted2Time == 0.000023
[2022.01.30-17.39.02:362][  0]LogNativeClassHierarchy: Verbose: Native class hierarchy updated for 'AddContentDialog' in 0.0002 seconds. Added 0 classes and 0 folders.
[2022.01.30-17.39.02:363][  0]LogNativeClassHierarchy: Verbose: Native class hierarchy updated for 'SceneOutliner' in 0.0002 seconds. Added 2 classes and 0 folders.
[2022.01.30-17.39.02:634][  0]LogSlate: Only BGRA pngs, bmps or icos are supported in by External Image Picker
[2022.01.30-17.39.02:728][  0]LogSlate: Took 0.000313 seconds to synchronously load lazily loaded font '../../../Engine/Content/Slate/Fonts/Roboto-Regular.ttf' (155K)
[2022.01.30-17.39.02:730][  0]LogSlate: Took 0.000411 seconds to synchronously load lazily loaded font '../../../Engine/Content/Editor/Slate/Fonts/FontAwesome.ttf' (139K)
[2022.01.30-17.39.02:731][  0]LogSlate: Took 0.000273 seconds to synchronously load lazily loaded font '../../../Engine/Content/Slate/Fonts/Roboto-Bold.ttf' (160K)
[2022.01.30-17.39.02:789][  0]LogRenderer: Reallocating scene render targets to support 1156x448 Format 10 NumSamples 1 (Frame:1).
[2022.01.30-17.39.02:890][  0]LogNativeClassHierarchy: Verbose: Native class hierarchy updated for 'HierarchicalLODOutliner' in 0.0006 seconds. Added 0 classes and 0 folders.
[2022.01.30-17.39.02:891][  0]LogLoad: (Engine Initialization) Total time: 6.20 seconds
[2022.01.30-17.39.02:891][  0]LogLoad: (Engine Initialization) Total Blueprint compile time: 0.00 seconds
[2022.01.30-17.39.02:957][  0]LogAssetRegistry: Asset discovery search completed in 3.8300 seconds
[2022.01.30-17.39.02:962][  0]LogCollectionManager: Fixed up redirectors for 0 collections in 0.000004 seconds (updated 0 objects)
[2022.01.30-17.39.02:964][  0]LogContentStreaming: Texture pool size now 1000 MB
